[I 2025-01-31 19:08:39,258] A new study created in memory with name: no-name-518505df-5128-418a-9040-3a0126840855
Arguments: Namespace(file_path='ex.txt', models=['SVR', 'MLPRegressor', 'BayesianRidge', 'ElasticNet', 'RandomForestRegressor', 'GradientBoostingRegressor', 'XGBRegressor'], num_samples=20, noise_level_X=0.01, noise_level_y=0.01, num_trials=50, num_iterations=100)
Loading data...
Selected models: ['SVR', 'MLPRegressor', 'BayesianRidge', 'ElasticNet', 'RandomForestRegressor', 'GradientBoostingRegressor', 'XGBRegressor']
Initialized tuner for SVR. Running optimization...
[I 2025-01-31 19:08:46,505] Trial 0 finished with value: 48.40601253236189 and parameters: {'C': 4.933475492259422, 'epsilon': 0.8725322774178681, 'kernel': 'sigmoid', 'gamma': 'auto'}. Best is trial 0 with value: 48.40601253236189.
[I 2025-01-31 19:08:49,837] Trial 1 finished with value: 183.24740985573976 and parameters: {'C': 5.877939156874809, 'epsilon': 0.3235366886085349, 'kernel': 'sigmoid', 'gamma': 'scale'}. Best is trial 0 with value: 48.40601253236189.
[I 2025-01-31 19:08:53,040] Trial 2 finished with value: 63.81985354414834 and parameters: {'C': 92.38157105178676, 'epsilon': 0.5513545110207974, 'kernel': 'poly', 'degree': 4, 'gamma': 'auto'}. Best is trial 0 with value: 48.40601253236189.
[I 2025-01-31 19:08:56,254] Trial 3 finished with value: 62.69495035194237 and parameters: {'C': 15.741194005082535, 'epsilon': 0.7686980259031934, 'kernel': 'poly', 'degree': 2, 'gamma': 'scale'}. Best is trial 0 with value: 48.40601253236189.
[I 2025-01-31 19:08:59,656] Trial 4 finished with value: 47.046761610661655 and parameters: {'C': 327.2334958587962, 'epsilon': 0.47911729385532925, 'kernel': 'linear', 'gamma': 'scale'}. Best is trial 4 with value: 47.046761610661655.
[I 2025-01-31 19:09:02,966] Trial 5 finished with value: 74.98847871369831 and parameters: {'C': 1.4198213017017915, 'epsilon': 0.8416923526390365, 'kernel': 'poly', 'degree': 5, 'gamma': 'scale'}. Best is trial 4 with value: 47.046761610661655.
[I 2025-01-31 19:09:06,151] Trial 6 finished with value: 42.489951952203356 and parameters: {'C': 5.54708382802702, 'epsilon': 0.9142337142007217, 'kernel': 'linear', 'gamma': 'auto'}. Best is trial 6 with value: 42.489951952203356.
[I 2025-01-31 19:09:09,379] Trial 7 finished with value: 48.92046513022085 and parameters: {'C': 34.20552276035084, 'epsilon': 0.7460543201139498, 'kernel': 'poly', 'degree': 3, 'gamma': 'scale'}. Best is trial 6 with value: 42.489951952203356.
[I 2025-01-31 19:09:12,567] Trial 8 finished with value: 50.62380229741747 and parameters: {'C': 19.884658886014677, 'epsilon': 0.6068128229777685, 'kernel': 'rbf', 'gamma': 'scale'}. Best is trial 6 with value: 42.489951952203356.
[I 2025-01-31 19:09:15,951] Trial 9 finished with value: 45.93066032144283 and parameters: {'C': 0.20584416521464105, 'epsilon': 0.6416093630696653, 'kernel': 'rbf', 'gamma': 'auto'}. Best is trial 6 with value: 42.489951952203356.
[I 2025-01-31 19:09:19,320] Trial 10 finished with value: 43.438786802351885 and parameters: {'C': 0.5279459809341532, 'epsilon': 0.13167376364098266, 'kernel': 'linear', 'gamma': 'auto'}. Best is trial 6 with value: 42.489951952203356.
[I 2025-01-31 19:09:22,526] Trial 11 finished with value: 41.53655571388608 and parameters: {'C': 0.3361063581139065, 'epsilon': 0.033339203038101325, 'kernel': 'linear', 'gamma': 'auto'}. Best is trial 11 with value: 41.53655571388608.
[I 2025-01-31 19:09:25,844] Trial 12 finished with value: 48.94701370517363 and parameters: {'C': 1.1454704023081075, 'epsilon': 0.05371283641396889, 'kernel': 'linear', 'gamma': 'auto'}. Best is trial 11 with value: 41.53655571388608.
[I 2025-01-31 19:09:28,943] Trial 13 finished with value: 47.586164771741736 and parameters: {'C': 0.16176541492540458, 'epsilon': 0.9860589750127803, 'kernel': 'linear', 'gamma': 'auto'}. Best is trial 11 with value: 41.53655571388608.
[I 2025-01-31 19:09:32,216] Trial 14 finished with value: 42.50967307002727 and parameters: {'C': 1.901937825989149, 'epsilon': 0.2835076516885068, 'kernel': 'linear', 'gamma': 'auto'}. Best is trial 11 with value: 41.53655571388608.
[I 2025-01-31 19:09:36,131] Trial 15 finished with value: 46.22390683268367 and parameters: {'C': 837.0284867399693, 'epsilon': 0.42267781751574807, 'kernel': 'linear', 'gamma': 'auto'}. Best is trial 11 with value: 41.53655571388608.
[I 2025-01-31 19:09:39,272] Trial 16 finished with value: 36.577573707833 and parameters: {'C': 0.5092017178330055, 'epsilon': 0.22481262276530045, 'kernel': 'linear', 'gamma': 'auto'}. Best is trial 16 with value: 36.577573707833.
[I 2025-01-31 19:09:42,562] Trial 17 finished with value: 38.344558540900024 and parameters: {'C': 0.10804697122963855, 'epsilon': 0.200943698216612, 'kernel': 'linear', 'gamma': 'auto'}. Best is trial 16 with value: 36.577573707833.
[I 2025-01-31 19:09:45,738] Trial 18 finished with value: 42.539541797582444 and parameters: {'C': 0.14449006991641195, 'epsilon': 0.2096495257500953, 'kernel': 'rbf', 'gamma': 'auto'}. Best is trial 16 with value: 36.577573707833.
[I 2025-01-31 19:09:48,864] Trial 19 finished with value: 40.37127811266409 and parameters: {'C': 0.6290568391725638, 'epsilon': 0.361795036742082, 'kernel': 'sigmoid', 'gamma': 'auto'}. Best is trial 16 with value: 36.577573707833.
[I 2025-01-31 19:09:52,136] Trial 20 finished with value: 46.6945194866948 and parameters: {'C': 2.391826733876145, 'epsilon': 0.17183429456001711, 'kernel': 'linear', 'gamma': 'auto'}. Best is trial 16 with value: 36.577573707833.
[I 2025-01-31 19:09:55,267] Trial 21 finished with value: 39.733853245872766 and parameters: {'C': 0.6467731846757433, 'epsilon': 0.3604351932633014, 'kernel': 'sigmoid', 'gamma': 'auto'}. Best is trial 16 with value: 36.577573707833.
[I 2025-01-31 19:09:58,424] Trial 22 finished with value: 37.41869293719119 and parameters: {'C': 0.10296888772493643, 'epsilon': 0.26129088140174467, 'kernel': 'sigmoid', 'gamma': 'auto'}. Best is trial 16 with value: 36.577573707833.
[I 2025-01-31 19:10:01,744] Trial 23 finished with value: 36.39564658786178 and parameters: {'C': 0.10448797572908637, 'epsilon': 0.24691766709837387, 'kernel': 'sigmoid', 'gamma': 'auto'}. Best is trial 23 with value: 36.39564658786178.
[I 2025-01-31 19:10:04,916] Trial 24 finished with value: 33.868027125815665 and parameters: {'C': 0.264565217733907, 'epsilon': 0.2730663758306255, 'kernel': 'sigmoid', 'gamma': 'auto'}. Best is trial 24 with value: 33.868027125815665.
[I 2025-01-31 19:10:08,134] Trial 25 finished with value: 38.10177748666367 and parameters: {'C': 0.31009873288390594, 'epsilon': 0.09316001512673094, 'kernel': 'sigmoid', 'gamma': 'auto'}. Best is trial 24 with value: 33.868027125815665.
[I 2025-01-31 19:10:11,395] Trial 26 finished with value: 39.26289690412664 and parameters: {'C': 0.26028371395692745, 'epsilon': 0.455488625349978, 'kernel': 'sigmoid', 'gamma': 'auto'}. Best is trial 24 with value: 33.868027125815665.
[I 2025-01-31 19:10:14,563] Trial 27 finished with value: 47.72168632638048 and parameters: {'C': 0.9076586043695201, 'epsilon': 0.2686882831388427, 'kernel': 'sigmoid', 'gamma': 'auto'}. Best is trial 24 with value: 33.868027125815665.
[I 2025-01-31 19:10:17,829] Trial 28 finished with value: 90.13269091564707 and parameters: {'C': 2.9349345599863463, 'epsilon': 0.4009934556135813, 'kernel': 'sigmoid', 'gamma': 'auto'}. Best is trial 24 with value: 33.868027125815665.
[I 2025-01-31 19:10:20,997] Trial 29 finished with value: 40.58084628322327 and parameters: {'C': 0.42751045232396284, 'epsilon': 0.1656049693288547, 'kernel': 'sigmoid', 'gamma': 'auto'}. Best is trial 24 with value: 33.868027125815665.
[I 2025-01-31 19:10:24,136] Trial 30 finished with value: 38.389098228099506 and parameters: {'C': 0.22236769169603832, 'epsilon': 0.5318028157009735, 'kernel': 'sigmoid', 'gamma': 'auto'}. Best is trial 24 with value: 33.868027125815665.
[I 2025-01-31 19:10:27,404] Trial 31 finished with value: 39.95691112400819 and parameters: {'C': 0.10257074690083395, 'epsilon': 0.2915287933523091, 'kernel': 'sigmoid', 'gamma': 'auto'}. Best is trial 24 with value: 33.868027125815665.
[I 2025-01-31 19:10:30,556] Trial 32 finished with value: 34.3729386247302 and parameters: {'C': 0.11256086916304171, 'epsilon': 0.22615328586607591, 'kernel': 'sigmoid', 'gamma': 'auto'}. Best is trial 24 with value: 33.868027125815665.
[I 2025-01-31 19:10:33,759] Trial 33 finished with value: 39.63423300807537 and parameters: {'C': 0.2154673486784125, 'epsilon': 0.22544167023925138, 'kernel': 'sigmoid', 'gamma': 'auto'}. Best is trial 24 with value: 33.868027125815665.
[I 2025-01-31 19:10:37,023] Trial 34 finished with value: 37.94826632082083 and parameters: {'C': 0.3895848326741486, 'epsilon': 0.1018386274771595, 'kernel': 'sigmoid', 'gamma': 'scale'}. Best is trial 24 with value: 33.868027125815665.
[I 2025-01-31 19:10:40,186] Trial 35 finished with value: 41.63285065149271 and parameters: {'C': 1.0520611596366807, 'epsilon': 0.33293506002156437, 'kernel': 'sigmoid', 'gamma': 'auto'}. Best is trial 24 with value: 33.868027125815665.
[I 2025-01-31 19:10:44,058] Trial 36 finished with value: 130.9787239657083 and parameters: {'C': 9.241949924871452, 'epsilon': 0.01352436883421071, 'kernel': 'poly', 'degree': 5, 'gamma': 'scale'}. Best is trial 24 with value: 33.868027125815665.
[I 2025-01-31 19:10:47,325] Trial 37 finished with value: 41.39274596703074 and parameters: {'C': 0.1513613097583871, 'epsilon': 0.14573017262431578, 'kernel': 'rbf', 'gamma': 'auto'}. Best is trial 24 with value: 33.868027125815665.
[I 2025-01-31 19:10:50,680] Trial 38 finished with value: 3953.143223703126 and parameters: {'C': 78.07147592715313, 'epsilon': 0.23598190054968027, 'kernel': 'sigmoid', 'gamma': 'auto'}. Best is trial 24 with value: 33.868027125815665.
[I 2025-01-31 19:10:53,865] Trial 39 finished with value: 62.25297477585269 and parameters: {'C': 0.5524535494241981, 'epsilon': 0.319023069948276, 'kernel': 'poly', 'degree': 2, 'gamma': 'scale'}. Best is trial 24 with value: 33.868027125815665.
[I 2025-01-31 19:10:57,038] Trial 40 finished with value: 112.7850986364771 and parameters: {'C': 3.386627603323941, 'epsilon': 0.38905841609826325, 'kernel': 'sigmoid', 'gamma': 'auto'}. Best is trial 24 with value: 33.868027125815665.
[I 2025-01-31 19:11:00,349] Trial 41 finished with value: 38.72415765711813 and parameters: {'C': 0.10089418682565734, 'epsilon': 0.2764009180529208, 'kernel': 'sigmoid', 'gamma': 'auto'}. Best is trial 24 with value: 33.868027125815665.
[I 2025-01-31 19:11:03,568] Trial 42 finished with value: 37.91912149173013 and parameters: {'C': 0.1658724939465386, 'epsilon': 0.08017576646913233, 'kernel': 'sigmoid', 'gamma': 'auto'}. Best is trial 24 with value: 33.868027125815665.
[I 2025-01-31 19:11:06,780] Trial 43 finished with value: 36.90741579763354 and parameters: {'C': 0.26313345476268707, 'epsilon': 0.25028809512021766, 'kernel': 'sigmoid', 'gamma': 'auto'}. Best is trial 24 with value: 33.868027125815665.
[I 2025-01-31 19:11:10,070] Trial 44 finished with value: 40.94158650126039 and parameters: {'C': 0.2903912686972642, 'epsilon': 0.1938058360503499, 'kernel': 'sigmoid', 'gamma': 'auto'}. Best is trial 24 with value: 33.868027125815665.
[I 2025-01-31 19:11:13,232] Trial 45 finished with value: 45.956748940536336 and parameters: {'C': 1.612590958793278, 'epsilon': 0.5938346956566264, 'kernel': 'rbf', 'gamma': 'scale'}. Best is trial 24 with value: 33.868027125815665.
[I 2025-01-31 19:11:16,349] Trial 46 finished with value: 81.56911891834386 and parameters: {'C': 0.37103106720290546, 'epsilon': 0.12455637566979788, 'kernel': 'poly', 'degree': 4, 'gamma': 'auto'}. Best is trial 24 with value: 33.868027125815665.
[I 2025-01-31 19:11:19,592] Trial 47 finished with value: 41.31003284599403 and parameters: {'C': 0.7671422248186739, 'epsilon': 0.4764282757370115, 'kernel': 'sigmoid', 'gamma': 'auto'}. Best is trial 24 with value: 33.868027125815665.
[I 2025-01-31 19:11:22,722] Trial 48 finished with value: 34.63455019122771 and parameters: {'C': 0.20640244334445673, 'epsilon': 0.3098826680676945, 'kernel': 'linear', 'gamma': 'auto'}. Best is trial 24 with value: 33.868027125815665.
[I 2025-01-31 19:11:25,875] Trial 49 finished with value: 39.790584497854574 and parameters: {'C': 0.16079059803830645, 'epsilon': 0.4369578980128229, 'kernel': 'linear', 'gamma': 'scale'}. Best is trial 24 with value: 33.868027125815665.
Best parameters for SVR: {'C': 0.264565217733907, 'epsilon': 0.2730663758306255, 'kernel': 'sigmoid', 'gamma': 'auto'}
Best MAPE for SVR: 33.868027125815665
Results for SVR: R2 = -0.493609644322888, MSE = 0.49849972923931096, MAE = 0.49570040757317924, MAPE = 35.38399218417663%

Bar Plot for Feature Importance:
  0%|          | 0/3 [00:00<?, ?it/s]100%|██████████| 3/3 [00:00<00:00, 234.08it/s]

Generating SHAP Summary Plot...
  0%|          | 0/3 [00:00<?, ?it/s]100%|██████████| 3/3 [00:00<00:00, 238.88it/s]
[I 2025-01-31 19:11:34,168] A new study created in memory with name: no-name-29341bf6-0a6e-428e-b673-00adcfe34e63
[I 2025-01-31 19:11:45,677] Trial 0 finished with value: 86.35241717606539 and parameters: {'activation': 'relu', 'alpha': 0.007891321787830837, 'learning_rate_init': 0.0013284765443867777, 'max_iter': 261877}. Best is trial 0 with value: 86.35241717606539.
[I 2025-01-31 19:11:50,206] Trial 1 finished with value: 42.243823429252735 and parameters: {'activation': 'tanh', 'alpha': 0.00013964007180824559, 'learning_rate_init': 0.00809865491769826, 'max_iter': 662324}. Best is trial 1 with value: 42.243823429252735.
[I 2025-01-31 19:11:55,472] Trial 2 finished with value: 41.80332680284553 and parameters: {'activation': 'tanh', 'alpha': 5.2201338727023674e-05, 'learning_rate_init': 0.013894188233033362, 'max_iter': 75107}. Best is trial 2 with value: 41.80332680284553.
[I 2025-01-31 19:12:24,319] Trial 3 finished with value: 35.968637227940846 and parameters: {'activation': 'tanh', 'alpha': 0.0023299124450574444, 'learning_rate_init': 0.00020571801159012269, 'max_iter': 948911}. Best is trial 3 with value: 35.968637227940846.
[I 2025-01-31 19:12:34,552] Trial 4 finished with value: 40.016237060782835 and parameters: {'activation': 'tanh', 'alpha': 3.6939622864237075e-05, 'learning_rate_init': 0.0009931865517774897, 'max_iter': 486549}. Best is trial 3 with value: 35.968637227940846.
[I 2025-01-31 19:12:41,534] Trial 5 finished with value: 40.63677538672486 and parameters: {'activation': 'logistic', 'alpha': 0.00032031252907770467, 'learning_rate_init': 0.012489087456038911, 'max_iter': 243230}. Best is trial 3 with value: 35.968637227940846.
[I 2025-01-31 19:12:45,976] Trial 6 finished with value: 38.79577619870714 and parameters: {'activation': 'tanh', 'alpha': 2.7192411764475757e-05, 'learning_rate_init': 0.006212594634567791, 'max_iter': 151721}. Best is trial 3 with value: 35.968637227940846.
[I 2025-01-31 19:12:54,864] Trial 7 finished with value: 34.94960348514821 and parameters: {'activation': 'tanh', 'alpha': 0.03825882297355535, 'learning_rate_init': 0.0013036441086481964, 'max_iter': 574928}. Best is trial 7 with value: 34.94960348514821.
[I 2025-01-31 19:13:06,145] Trial 8 finished with value: 43.133977727853406 and parameters: {'activation': 'logistic', 'alpha': 0.09948055292549522, 'learning_rate_init': 0.0019814793230686616, 'max_iter': 449540}. Best is trial 7 with value: 34.94960348514821.
[I 2025-01-31 19:13:10,951] Trial 9 finished with value: 40.442456965941396 and parameters: {'activation': 'tanh', 'alpha': 0.02357241718924786, 'learning_rate_init': 0.00403008324764477, 'max_iter': 4403}. Best is trial 7 with value: 34.94960348514821.
[I 2025-01-31 19:13:17,079] Trial 10 finished with value: 83.0209975411219 and parameters: {'activation': 'relu', 'alpha': 0.0013048964888980096, 'learning_rate_init': 0.05304051903521467, 'max_iter': 716311}. Best is trial 7 with value: 34.94960348514821.
[I 2025-01-31 19:13:55,849] Trial 11 finished with value: 41.94152051564227 and parameters: {'activation': 'tanh', 'alpha': 0.0032453940474360806, 'learning_rate_init': 0.00013826669017873866, 'max_iter': 944591}. Best is trial 7 with value: 34.94960348514821.
[I 2025-01-31 19:14:21,320] Trial 12 finished with value: 34.93249458811361 and parameters: {'activation': 'tanh', 'alpha': 0.08185157150751629, 'learning_rate_init': 0.00023020005948405504, 'max_iter': 974365}. Best is trial 12 with value: 34.93249458811361.
[I 2025-01-31 19:14:45,791] Trial 13 finished with value: 99.36047606936414 and parameters: {'activation': 'relu', 'alpha': 0.054775728741809075, 'learning_rate_init': 0.00038074061634303733, 'max_iter': 761888}. Best is trial 12 with value: 34.93249458811361.
[I 2025-01-31 19:15:15,146] Trial 14 finished with value: 40.193375710593024 and parameters: {'activation': 'logistic', 'alpha': 0.012009434613237197, 'learning_rate_init': 0.00046589309215966276, 'max_iter': 834619}. Best is trial 12 with value: 34.93249458811361.
[I 2025-01-31 19:15:29,487] Trial 15 finished with value: 37.549640423286434 and parameters: {'activation': 'tanh', 'alpha': 0.032849441777540275, 'learning_rate_init': 0.0005819974075061007, 'max_iter': 558854}. Best is trial 12 with value: 34.93249458811361.
[I 2025-01-31 19:16:17,612] Trial 16 finished with value: 36.38059431518314 and parameters: {'activation': 'tanh', 'alpha': 0.009315368429080668, 'learning_rate_init': 0.00010489930906100483, 'max_iter': 369065}. Best is trial 12 with value: 34.93249458811361.
[I 2025-01-31 19:16:42,156] Trial 17 finished with value: 38.81635504007614 and parameters: {'activation': 'tanh', 'alpha': 0.09180506480695236, 'learning_rate_init': 0.00024954515863631377, 'max_iter': 602738}. Best is trial 12 with value: 34.93249458811361.
[I 2025-01-31 19:16:55,842] Trial 18 finished with value: 91.10914415013787 and parameters: {'activation': 'relu', 'alpha': 0.00041614105340997336, 'learning_rate_init': 0.0009679245354225333, 'max_iter': 818131}. Best is trial 12 with value: 34.93249458811361.
[I 2025-01-31 19:17:01,949] Trial 19 finished with value: 40.32980439229541 and parameters: {'activation': 'logistic', 'alpha': 0.02042133210757994, 'learning_rate_init': 0.09560911803341872, 'max_iter': 988440}. Best is trial 12 with value: 34.93249458811361.
[I 2025-01-31 19:17:07,288] Trial 20 finished with value: 38.25675792847535 and parameters: {'activation': 'tanh', 'alpha': 0.005184656359151233, 'learning_rate_init': 0.002978225696054805, 'max_iter': 860810}. Best is trial 12 with value: 34.93249458811361.
[I 2025-01-31 19:17:34,899] Trial 21 finished with value: 43.109710599617856 and parameters: {'activation': 'tanh', 'alpha': 0.000972190776127992, 'learning_rate_init': 0.00021015393338869425, 'max_iter': 914635}. Best is trial 12 with value: 34.93249458811361.
[I 2025-01-31 19:17:59,512] Trial 22 finished with value: 39.090489404441286 and parameters: {'activation': 'tanh', 'alpha': 0.0020645397540537624, 'learning_rate_init': 0.0002445404301950226, 'max_iter': 984124}. Best is trial 12 with value: 34.93249458811361.
[I 2025-01-31 19:18:13,142] Trial 23 finished with value: 38.43570780639861 and parameters: {'activation': 'tanh', 'alpha': 0.03710594666522566, 'learning_rate_init': 0.0006126000929980777, 'max_iter': 757884}. Best is trial 12 with value: 34.93249458811361.
[I 2025-01-31 19:18:48,210] Trial 24 finished with value: 34.842098100589666 and parameters: {'activation': 'tanh', 'alpha': 0.015524558469708348, 'learning_rate_init': 0.0001564991044169341, 'max_iter': 896905}. Best is trial 24 with value: 34.842098100589666.
[I 2025-01-31 19:19:28,879] Trial 25 finished with value: 41.275999535217636 and parameters: {'activation': 'tanh', 'alpha': 0.01690309177336616, 'learning_rate_init': 0.0001302221694921267, 'max_iter': 622542}. Best is trial 24 with value: 34.842098100589666.
[I 2025-01-31 19:19:47,889] Trial 26 finished with value: 39.689122838593384 and parameters: {'activation': 'tanh', 'alpha': 0.05629812875142282, 'learning_rate_init': 0.0003566612731593712, 'max_iter': 877057}. Best is trial 24 with value: 34.842098100589666.
[I 2025-01-31 19:19:55,994] Trial 27 finished with value: 38.013000493568434 and parameters: {'activation': 'tanh', 'alpha': 0.005281107488461007, 'learning_rate_init': 0.0016669001900229555, 'max_iter': 691771}. Best is trial 24 with value: 34.842098100589666.
[I 2025-01-31 19:20:11,357] Trial 28 finished with value: 89.296110550167 and parameters: {'activation': 'relu', 'alpha': 0.05025293864668892, 'learning_rate_init': 0.0007504720675935442, 'max_iter': 402518}. Best is trial 24 with value: 34.842098100589666.
[I 2025-01-31 19:20:26,547] Trial 29 finished with value: 39.49041025976062 and parameters: {'activation': 'logistic', 'alpha': 0.007225214035182831, 'learning_rate_init': 0.0012785017494541587, 'max_iter': 313267}. Best is trial 24 with value: 34.842098100589666.
[I 2025-01-31 19:20:34,705] Trial 30 finished with value: 92.6963638419335 and parameters: {'activation': 'relu', 'alpha': 1.1740280151053625e-05, 'learning_rate_init': 0.002480577693249021, 'max_iter': 545352}. Best is trial 24 with value: 34.842098100589666.
[I 2025-01-31 19:21:09,653] Trial 31 finished with value: 37.16092282620706 and parameters: {'activation': 'tanh', 'alpha': 0.01412961173879597, 'learning_rate_init': 0.00015587934890952518, 'max_iter': 924666}. Best is trial 24 with value: 34.842098100589666.
[I 2025-01-31 19:21:31,403] Trial 32 finished with value: 38.47278160744273 and parameters: {'activation': 'tanh', 'alpha': 0.002984202778955139, 'learning_rate_init': 0.00030384751290703184, 'max_iter': 793204}. Best is trial 24 with value: 34.842098100589666.
[I 2025-01-31 19:22:00,337] Trial 33 finished with value: 38.96030788733681 and parameters: {'activation': 'tanh', 'alpha': 0.03264669336563571, 'learning_rate_init': 0.00020175797304338239, 'max_iter': 988265}. Best is trial 24 with value: 34.842098100589666.
[I 2025-01-31 19:22:49,143] Trial 34 finished with value: 37.520810429610236 and parameters: {'activation': 'tanh', 'alpha': 0.0008103756906481242, 'learning_rate_init': 0.0001027444979945838, 'max_iter': 899809}. Best is trial 24 with value: 34.842098100589666.
[I 2025-01-31 19:22:55,613] Trial 35 finished with value: 38.32648492213005 and parameters: {'activation': 'tanh', 'alpha': 0.07128509453179907, 'learning_rate_init': 0.019918340491866283, 'max_iter': 734554}. Best is trial 24 with value: 34.842098100589666.
[I 2025-01-31 19:23:29,219] Trial 36 finished with value: 37.56399580359918 and parameters: {'activation': 'tanh', 'alpha': 0.00011031564839740573, 'learning_rate_init': 0.00016687682007935929, 'max_iter': 220344}. Best is trial 24 with value: 34.842098100589666.
[I 2025-01-31 19:23:44,607] Trial 37 finished with value: 34.041554734780426 and parameters: {'activation': 'tanh', 'alpha': 0.025891074187257584, 'learning_rate_init': 0.0005145831449675972, 'max_iter': 659692}. Best is trial 37 with value: 34.041554734780426.
[I 2025-01-31 19:23:54,490] Trial 38 finished with value: 38.30696053558228 and parameters: {'activation': 'tanh', 'alpha': 0.03758305979516169, 'learning_rate_init': 0.0010182988927760228, 'max_iter': 658786}. Best is trial 37 with value: 34.041554734780426.
[I 2025-01-31 19:24:10,746] Trial 39 finished with value: 38.973694755554796 and parameters: {'activation': 'tanh', 'alpha': 0.020271769452143255, 'learning_rate_init': 0.0004676440791307834, 'max_iter': 486937}. Best is trial 37 with value: 34.041554734780426.
[I 2025-01-31 19:24:16,743] Trial 40 finished with value: 49.20675223684593 and parameters: {'activation': 'logistic', 'alpha': 0.008957575929668596, 'learning_rate_init': 0.005204866680450581, 'max_iter': 539624}. Best is trial 37 with value: 34.041554734780426.
[I 2025-01-31 19:24:36,695] Trial 41 finished with value: 38.543491934509476 and parameters: {'activation': 'tanh', 'alpha': 0.02530738795984008, 'learning_rate_init': 0.0003335580979810227, 'max_iter': 946177}. Best is trial 37 with value: 34.041554734780426.
[I 2025-01-31 19:24:49,421] Trial 42 finished with value: 41.47678811192941 and parameters: {'activation': 'tanh', 'alpha': 0.09664489514716604, 'learning_rate_init': 0.0006788939872133244, 'max_iter': 838686}. Best is trial 37 with value: 34.041554734780426.
[I 2025-01-31 19:25:05,379] Trial 43 finished with value: 34.93649606263358 and parameters: {'activation': 'tanh', 'alpha': 0.005291174168125234, 'learning_rate_init': 0.000484894156267642, 'max_iter': 788107}. Best is trial 37 with value: 34.041554734780426.
[I 2025-01-31 19:25:13,998] Trial 44 finished with value: 41.63407345706293 and parameters: {'activation': 'tanh', 'alpha': 0.014156377604317994, 'learning_rate_init': 0.0014821083140794853, 'max_iter': 671390}. Best is trial 37 with value: 34.041554734780426.
[I 2025-01-31 19:25:30,370] Trial 45 finished with value: 42.05140857688099 and parameters: {'activation': 'tanh', 'alpha': 0.00516511577722584, 'learning_rate_init': 0.0004595758629623419, 'max_iter': 614715}. Best is trial 37 with value: 34.041554734780426.
[I 2025-01-31 19:25:41,441] Trial 46 finished with value: 39.15863415961648 and parameters: {'activation': 'tanh', 'alpha': 0.05988794311232626, 'learning_rate_init': 0.0008648804020798237, 'max_iter': 776921}. Best is trial 37 with value: 34.041554734780426.
[I 2025-01-31 19:25:50,243] Trial 47 finished with value: 82.25713779012892 and parameters: {'activation': 'relu', 'alpha': 0.02858181922345459, 'learning_rate_init': 0.0021951809602193634, 'max_iter': 798847}. Best is trial 37 with value: 34.041554734780426.
[I 2025-01-31 19:26:13,190] Trial 48 finished with value: 37.98827486960664 and parameters: {'activation': 'tanh', 'alpha': 0.01106416145339269, 'learning_rate_init': 0.00027883268879677994, 'max_iter': 717006}. Best is trial 37 with value: 34.041554734780426.
[I 2025-01-31 19:26:42,525] Trial 49 finished with value: 38.624668105507446 and parameters: {'activation': 'logistic', 'alpha': 0.04444441308452753, 'learning_rate_init': 0.0004796095352936252, 'max_iter': 645800}. Best is trial 37 with value: 34.041554734780426.
SHAP summary plot saved to Figs/SHAPsum_SVR_False.png

Predict vs. Reality:
Initialized tuner for MLPRegressor. Running optimization...
Best parameters for MLPRegressor: {'activation': 'tanh', 'alpha': 0.025891074187257584, 'learning_rate_init': 0.0005145831449675972, 'max_iter': 659692}
Best MAPE for MLPRegressor: 34.041554734780426
Results for MLPRegressor: R2 = -1.4255242343863315, MSE = 0.8216207099070149, MAE = 0.6160008910333724, MAPE = 60.60550113357665%

Bar Plot for Feature Importance:
  0%|          | 0/3 [00:00<?, ?it/s]100%|██████████| 3/3 [00:00<00:00, 197.29it/s]

Generating SHAP Summary Plot...
  0%|          | 0/3 [00:00<?, ?it/s]100%|██████████| 3/3 [00:00<00:00, 260.68it/s]
[I 2025-01-31 19:26:50,289] A new study created in memory with name: no-name-5caeef4c-2819-45b9-9c9b-e4e6cf719e98
[I 2025-01-31 19:26:53,605] Trial 0 finished with value: 61.81416522028594 and parameters: {'alpha_1': 0.005780645272952004, 'alpha_2': 0.003599837381865983, 'lambda_1': 0.0009017760814354214, 'lambda_2': 0.1035392832752338}. Best is trial 0 with value: 61.81416522028594.
[I 2025-01-31 19:26:56,862] Trial 1 finished with value: 54.94808957727771 and parameters: {'alpha_1': 1.650524891108492e-05, 'alpha_2': 0.01650141849641288, 'lambda_1': 1.5771297549247586e-05, 'lambda_2': 2.1460489140871563e-05}. Best is trial 1 with value: 54.94808957727771.
[I 2025-01-31 19:27:00,099] Trial 2 finished with value: 57.87746032378276 and parameters: {'alpha_1': 0.00011443454059979625, 'alpha_2': 0.23281345800992506, 'lambda_1': 0.007333120319303082, 'lambda_2': 0.44014518458259494}. Best is trial 1 with value: 54.94808957727771.
[I 2025-01-31 19:27:03,260] Trial 3 finished with value: 53.75710727414898 and parameters: {'alpha_1': 0.09488125767106972, 'alpha_2': 1.1022851126044268e-05, 'lambda_1': 0.00010784582731963273, 'lambda_2': 1.4051785119737598e-05}. Best is trial 3 with value: 53.75710727414898.
[I 2025-01-31 19:27:06,512] Trial 4 finished with value: 58.847688138177176 and parameters: {'alpha_1': 0.05463620885460159, 'alpha_2': 3.0461279311833216e-05, 'lambda_1': 0.13428377500101704, 'lambda_2': 0.05982577418569523}. Best is trial 3 with value: 53.75710727414898.
[I 2025-01-31 19:27:09,723] Trial 5 finished with value: 57.6737628010647 and parameters: {'alpha_1': 2.2705443672841278e-05, 'alpha_2': 0.091437346268396, 'lambda_1': 0.0019720570568424684, 'lambda_2': 0.008165071782511267}. Best is trial 3 with value: 53.75710727414898.
[I 2025-01-31 19:27:12,944] Trial 6 finished with value: 60.44199870621154 and parameters: {'alpha_1': 6.226275631632095e-05, 'alpha_2': 1.4809898131037853e-05, 'lambda_1': 0.25224907757678633, 'lambda_2': 0.04851384608234326}. Best is trial 3 with value: 53.75710727414898.
[I 2025-01-31 19:27:16,155] Trial 7 finished with value: 55.073493698430454 and parameters: {'alpha_1': 2.6417712997458527e-05, 'alpha_2': 0.006872563171015732, 'lambda_1': 0.7123107492563584, 'lambda_2': 0.011827596129612303}. Best is trial 3 with value: 53.75710727414898.
[I 2025-01-31 19:27:19,333] Trial 8 finished with value: 60.69221477784111 and parameters: {'alpha_1': 0.06880434368588242, 'alpha_2': 0.03109657945888138, 'lambda_1': 9.144891425773944e-05, 'lambda_2': 0.012695408482379784}. Best is trial 3 with value: 53.75710727414898.
[I 2025-01-31 19:27:22,542] Trial 9 finished with value: 52.45523039839638 and parameters: {'alpha_1': 0.001183949416758923, 'alpha_2': 0.005327172463611767, 'lambda_1': 9.951861725062978e-05, 'lambda_2': 0.17813608348031393}. Best is trial 9 with value: 52.45523039839638.
[I 2025-01-31 19:27:25,797] Trial 10 finished with value: 63.83029261012631 and parameters: {'alpha_1': 0.0013530620761572608, 'alpha_2': 0.0003903020098251679, 'lambda_1': 0.019340987708320916, 'lambda_2': 0.0004532281290019244}. Best is trial 9 with value: 52.45523039839638.
[I 2025-01-31 19:27:29,020] Trial 11 finished with value: 53.43833335602083 and parameters: {'alpha_1': 0.8395826907472271, 'alpha_2': 0.0006254973429327318, 'lambda_1': 0.00015062435320750326, 'lambda_2': 0.0003474593242448573}. Best is trial 9 with value: 52.45523039839638.
[I 2025-01-31 19:27:32,226] Trial 12 finished with value: 60.684900651796276 and parameters: {'alpha_1': 0.6316065997881213, 'alpha_2': 0.0005585723802281009, 'lambda_1': 0.0002194848842597153, 'lambda_2': 0.00042712968141475925}. Best is trial 9 with value: 52.45523039839638.
[I 2025-01-31 19:27:35,398] Trial 13 finished with value: 63.66361656534279 and parameters: {'alpha_1': 0.001024063665417358, 'alpha_2': 0.00045995451194136896, 'lambda_1': 1.6111665754361188e-05, 'lambda_2': 0.0003024631473854186}. Best is trial 9 with value: 52.45523039839638.
[I 2025-01-31 19:27:38,608] Trial 14 finished with value: 64.28435765386688 and parameters: {'alpha_1': 0.005609937477934309, 'alpha_2': 0.00012775081583104247, 'lambda_1': 0.0002584586162584137, 'lambda_2': 0.9317765520291601}. Best is trial 9 with value: 52.45523039839638.
[I 2025-01-31 19:27:41,786] Trial 15 finished with value: 54.60064947782385 and parameters: {'alpha_1': 0.0002927205669465981, 'alpha_2': 0.8104790417815376, 'lambda_1': 3.9931026873879045e-05, 'lambda_2': 0.0018118687599118183}. Best is trial 9 with value: 52.45523039839638.
[I 2025-01-31 19:27:44,928] Trial 16 finished with value: 57.46230457165299 and parameters: {'alpha_1': 0.017834835080024983, 'alpha_2': 0.00134917333231114, 'lambda_1': 0.000561104794525513, 'lambda_2': 6.063044968551983e-05}. Best is trial 9 with value: 52.45523039839638.
[I 2025-01-31 19:27:48,160] Trial 17 finished with value: 58.68854070367914 and parameters: {'alpha_1': 0.7687642181998185, 'alpha_2': 6.436506106680076e-05, 'lambda_1': 0.004626110195000435, 'lambda_2': 0.0018740089496259039}. Best is trial 9 with value: 52.45523039839638.
[I 2025-01-31 19:27:51,455] Trial 18 finished with value: 66.9983034183569 and parameters: {'alpha_1': 0.0002734874720266168, 'alpha_2': 0.0013950628495754387, 'lambda_1': 4.578714178327551e-05, 'lambda_2': 0.00010545457755571712}. Best is trial 9 with value: 52.45523039839638.
[I 2025-01-31 19:27:54,672] Trial 19 finished with value: 57.94147545441793 and parameters: {'alpha_1': 0.24088594699908797, 'alpha_2': 0.01676567012254653, 'lambda_1': 0.021540605963695086, 'lambda_2': 0.003973168773367941}. Best is trial 9 with value: 52.45523039839638.
[I 2025-01-31 19:27:57,907] Trial 20 finished with value: 56.353628932875644 and parameters: {'alpha_1': 0.001484789417869432, 'alpha_2': 0.0001955309794084072, 'lambda_1': 0.0010114022179954264, 'lambda_2': 0.16648167686478585}. Best is trial 9 with value: 52.45523039839638.
[I 2025-01-31 19:28:01,064] Trial 21 finished with value: 59.5429086478512 and parameters: {'alpha_1': 0.16212700273316172, 'alpha_2': 0.002127160863284201, 'lambda_1': 0.0001185708347575815, 'lambda_2': 1.743600835401779e-05}. Best is trial 9 with value: 52.45523039839638.
[I 2025-01-31 19:28:04,290] Trial 22 finished with value: 59.75839148327362 and parameters: {'alpha_1': 0.02040117029394608, 'alpha_2': 1.4398540589341637e-05, 'lambda_1': 0.00035027407472883686, 'lambda_2': 8.942780343675728e-05}. Best is trial 9 with value: 52.45523039839638.
[I 2025-01-31 19:28:07,488] Trial 23 finished with value: 58.300763898643396 and parameters: {'alpha_1': 0.9586579957146601, 'alpha_2': 0.006380703818951156, 'lambda_1': 5.833322772185184e-05, 'lambda_2': 1.0859418026538981e-05}. Best is trial 9 with value: 52.45523039839638.
[I 2025-01-31 19:28:10,650] Trial 24 finished with value: 61.90927387926655 and parameters: {'alpha_1': 0.2962321775777957, 'alpha_2': 6.569727205566633e-05, 'lambda_1': 1.3310656225985045e-05, 'lambda_2': 3.874331380271174e-05}. Best is trial 9 with value: 52.45523039839638.
[I 2025-01-31 19:28:13,880] Trial 25 finished with value: 63.88571867841005 and parameters: {'alpha_1': 0.05130102355902532, 'alpha_2': 0.057139975383547766, 'lambda_1': 0.0001562961333591859, 'lambda_2': 0.00016703552824835245}. Best is trial 9 with value: 52.45523039839638.
[I 2025-01-31 19:28:17,134] Trial 26 finished with value: 48.74988171674252 and parameters: {'alpha_1': 0.015974189446477983, 'alpha_2': 0.0007012015608170734, 'lambda_1': 2.6321636172402383e-05, 'lambda_2': 0.0010268417838371693}. Best is trial 26 with value: 48.74988171674252.
[I 2025-01-31 19:28:20,382] Trial 27 finished with value: 57.59852626100461 and parameters: {'alpha_1': 0.018138498402480854, 'alpha_2': 0.0009727157457750335, 'lambda_1': 3.781073264121759e-05, 'lambda_2': 0.0009465527427075914}. Best is trial 26 with value: 48.74988171674252.
[I 2025-01-31 19:28:23,622] Trial 28 finished with value: 56.99044085463617 and parameters: {'alpha_1': 0.0005169090484999882, 'alpha_2': 0.0040353230279368164, 'lambda_1': 0.0020910470932373197, 'lambda_2': 0.004503331200499093}. Best is trial 26 with value: 48.74988171674252.
[I 2025-01-31 19:28:26,869] Trial 29 finished with value: 63.46074079033904 and parameters: {'alpha_1': 0.004767748792860276, 'alpha_2': 0.00019830483937355818, 'lambda_1': 0.0010689783697171772, 'lambda_2': 0.0007807022264669472}. Best is trial 26 with value: 48.74988171674252.
[I 2025-01-31 19:28:30,230] Trial 30 finished with value: 53.5973911635451 and parameters: {'alpha_1': 0.012527979395964613, 'alpha_2': 0.003723163214175586, 'lambda_1': 2.6795367504735428e-05, 'lambda_2': 0.027849252704704053}. Best is trial 26 with value: 48.74988171674252.
[I 2025-01-31 19:28:33,492] Trial 31 finished with value: 58.57544289934864 and parameters: {'alpha_1': 0.011046749339063763, 'alpha_2': 0.0034151735235560497, 'lambda_1': 3.2387206140506005e-05, 'lambda_2': 0.02421605549770088}. Best is trial 26 with value: 48.74988171674252.
[I 2025-01-31 19:28:36,735] Trial 32 finished with value: 56.03804191447281 and parameters: {'alpha_1': 0.003805192609935781, 'alpha_2': 0.010879615780919174, 'lambda_1': 2.011830672806577e-05, 'lambda_2': 0.28348949971053855}. Best is trial 26 with value: 48.74988171674252.
[I 2025-01-31 19:28:40,018] Trial 33 finished with value: 59.28392948042911 and parameters: {'alpha_1': 0.002437888285875801, 'alpha_2': 0.0024069393694818894, 'lambda_1': 1.1127235517089582e-05, 'lambda_2': 0.0706227332936147}. Best is trial 26 with value: 48.74988171674252.
[I 2025-01-31 19:28:43,251] Trial 34 finished with value: 61.15132749927083 and parameters: {'alpha_1': 0.03164930235225382, 'alpha_2': 0.0008283534631056415, 'lambda_1': 6.863577970065587e-05, 'lambda_2': 0.02426814177148903}. Best is trial 26 with value: 48.74988171674252.
[I 2025-01-31 19:28:46,417] Trial 35 finished with value: 59.2554580528318 and parameters: {'alpha_1': 0.010074296013571397, 'alpha_2': 0.02648543106556101, 'lambda_1': 0.0004596381942362394, 'lambda_2': 0.6083337212896658}. Best is trial 26 with value: 48.74988171674252.
[I 2025-01-31 19:28:49,662] Trial 36 finished with value: 59.08348798847332 and parameters: {'alpha_1': 0.0005833663570703482, 'alpha_2': 0.0002938395459692267, 'lambda_1': 2.367922596614286e-05, 'lambda_2': 0.03166166948504975}. Best is trial 26 with value: 48.74988171674252.
[I 2025-01-31 19:28:52,873] Trial 37 finished with value: 52.57309365561368 and parameters: {'alpha_1': 0.0025194849073343845, 'alpha_2': 0.005708433491398988, 'lambda_1': 0.00015996037575611942, 'lambda_2': 0.16497348501573517}. Best is trial 26 with value: 48.74988171674252.
[I 2025-01-31 19:28:56,112] Trial 38 finished with value: 56.10823573760554 and parameters: {'alpha_1': 0.0026132448000422887, 'alpha_2': 0.00778971123020116, 'lambda_1': 0.00016543655068342804, 'lambda_2': 0.17114042068143942}. Best is trial 26 with value: 48.74988171674252.
[I 2025-01-31 19:28:59,301] Trial 39 finished with value: 62.50126390114342 and parameters: {'alpha_1': 0.0001909028185596057, 'alpha_2': 0.08703152022594594, 'lambda_1': 7.00883556936245e-05, 'lambda_2': 0.11886368071948648}. Best is trial 26 with value: 48.74988171674252.
[I 2025-01-31 19:29:02,458] Trial 40 finished with value: 62.84429902771008 and parameters: {'alpha_1': 0.0006509134782899147, 'alpha_2': 0.0167911617837988, 'lambda_1': 9.974195126012847e-05, 'lambda_2': 0.3693573688860049}. Best is trial 26 with value: 48.74988171674252.
[I 2025-01-31 19:29:05,730] Trial 41 finished with value: 55.52862547345268 and parameters: {'alpha_1': 0.009972782384925657, 'alpha_2': 0.004991596491222642, 'lambda_1': 2.308378478507572e-05, 'lambda_2': 0.08449165699684057}. Best is trial 26 with value: 48.74988171674252.
[I 2025-01-31 19:29:08,894] Trial 42 finished with value: 53.43217858946547 and parameters: {'alpha_1': 8.945782555184636e-05, 'alpha_2': 0.0024911008890334597, 'lambda_1': 0.0006458707275008642, 'lambda_2': 0.009025536295349116}. Best is trial 26 with value: 48.74988171674252.
[I 2025-01-31 19:29:12,098] Trial 43 finished with value: 62.13339203226122 and parameters: {'alpha_1': 1.187269426205223e-05, 'alpha_2': 0.00205933704116018, 'lambda_1': 0.000447535827323702, 'lambda_2': 0.01006453191765543}. Best is trial 26 with value: 48.74988171674252.
[I 2025-01-31 19:29:15,293] Trial 44 finished with value: 64.59375905028561 and parameters: {'alpha_1': 9.080354980879804e-05, 'alpha_2': 0.0006903565698988564, 'lambda_1': 0.0006713098104583742, 'lambda_2': 0.0002476805726505539}. Best is trial 26 with value: 48.74988171674252.
[I 2025-01-31 19:29:18,523] Trial 45 finished with value: 55.11264233146037 and parameters: {'alpha_1': 3.5944703725510116e-05, 'alpha_2': 0.001351853699737377, 'lambda_1': 0.0016179042942335601, 'lambda_2': 0.0010938957354747635}. Best is trial 26 with value: 48.74988171674252.
[I 2025-01-31 19:29:21,718] Trial 46 finished with value: 59.715919705615995 and parameters: {'alpha_1': 5.106029308460886e-05, 'alpha_2': 0.011453676694356806, 'lambda_1': 0.0001652090199917884, 'lambda_2': 0.002928285287820067}. Best is trial 26 with value: 48.74988171674252.
[I 2025-01-31 19:29:24,912] Trial 47 finished with value: 62.79339056417626 and parameters: {'alpha_1': 0.00011906450751287156, 'alpha_2': 8.712840247115251e-05, 'lambda_1': 0.0002753956119592055, 'lambda_2': 0.006180062759584181}. Best is trial 26 with value: 48.74988171674252.
[I 2025-01-31 19:29:28,071] Trial 48 finished with value: 58.31243197241416 and parameters: {'alpha_1': 0.001720616485002952, 'alpha_2': 0.0003914641456921618, 'lambda_1': 0.012552157001427247, 'lambda_2': 0.0005638795437491108}. Best is trial 26 with value: 48.74988171674252.
[I 2025-01-31 19:29:31,469] Trial 49 finished with value: 67.49198892838145 and parameters: {'alpha_1': 0.0008635977579529441, 'alpha_2': 3.0436294361690396e-05, 'lambda_1': 0.003992063178904199, 'lambda_2': 0.0020581046447596505}. Best is trial 26 with value: 48.74988171674252.
SHAP summary plot saved to Figs/SHAPsum_MLPRegressor_False.png

Predict vs. Reality:
Initialized tuner for BayesianRidge. Running optimization...
Best parameters for BayesianRidge: {'alpha_1': 0.015974189446477983, 'alpha_2': 0.0007012015608170734, 'lambda_1': 2.6321636172402383e-05, 'lambda_2': 0.0010268417838371693}
Best MAPE for BayesianRidge: 48.74988171674252
Results for BayesianRidge: R2 = -2.240049210505399, MSE = 1.0807411774926972, MAE = 0.6852507856637153, MAPE = 77.20310393228753%

Bar Plot for Feature Importance:
  0%|          | 0/3 [00:00<?, ?it/s]100%|██████████| 3/3 [00:00<00:00, 287.24it/s]

Generating SHAP Summary Plot...
  0%|          | 0/3 [00:00<?, ?it/s]100%|██████████| 3/3 [00:00<00:00, 276.94it/s]
[I 2025-01-31 19:29:37,827] A new study created in memory with name: no-name-79ade3e0-d8b7-49ef-9207-a974b0b31f3d
[I 2025-01-31 19:29:41,064] Trial 0 finished with value: 39.30205103617919 and parameters: {'alpha': 1.2990945736092423, 'l1_ratio': 0.30583056923558, 'max_iter': 6140380}. Best is trial 0 with value: 39.30205103617919.
[I 2025-01-31 19:29:44,209] Trial 1 finished with value: 43.92526874003062 and parameters: {'alpha': 0.4840226346226472, 'l1_ratio': 0.7046037679760728, 'max_iter': 2743064}. Best is trial 0 with value: 39.30205103617919.
[I 2025-01-31 19:29:47,380] Trial 2 finished with value: 38.80350103061673 and parameters: {'alpha': 65.91246133379447, 'l1_ratio': 0.9051824962766356, 'max_iter': 4129297}. Best is trial 2 with value: 38.80350103061673.
[I 2025-01-31 19:29:50,695] Trial 3 finished with value: 60.212527699258544 and parameters: {'alpha': 8.219789838885352e-05, 'l1_ratio': 0.4608728318671199, 'max_iter': 582730}. Best is trial 2 with value: 38.80350103061673.
[I 2025-01-31 19:29:53,831] Trial 4 finished with value: 38.92091668227293 and parameters: {'alpha': 0.008552490118211901, 'l1_ratio': 0.862792302275366, 'max_iter': 1256565}. Best is trial 2 with value: 38.80350103061673.
[I 2025-01-31 19:29:56,964] Trial 5 finished with value: 46.42362346336751 and parameters: {'alpha': 0.6857385986012479, 'l1_ratio': 0.8396163081154046, 'max_iter': 8525775}. Best is trial 2 with value: 38.80350103061673.
[I 2025-01-31 19:30:00,175] Trial 6 finished with value: 58.66464467328709 and parameters: {'alpha': 0.00015221614975713838, 'l1_ratio': 0.5809672750852737, 'max_iter': 3472445}. Best is trial 2 with value: 38.80350103061673.
[I 2025-01-31 19:30:03,398] Trial 7 finished with value: 51.93776292356269 and parameters: {'alpha': 0.0007630515962755141, 'l1_ratio': 0.7978336227453297, 'max_iter': 9575197}. Best is trial 2 with value: 38.80350103061673.
[I 2025-01-31 19:30:06,605] Trial 8 finished with value: 39.570581448044464 and parameters: {'alpha': 7.899746437888339, 'l1_ratio': 0.41786995211486433, 'max_iter': 4097525}. Best is trial 2 with value: 38.80350103061673.
[I 2025-01-31 19:30:09,726] Trial 9 finished with value: 29.28647292631998 and parameters: {'alpha': 0.15274266941999942, 'l1_ratio': 0.5789392188701508, 'max_iter': 9193046}. Best is trial 9 with value: 29.28647292631998.
[I 2025-01-31 19:30:12,925] Trial 10 finished with value: 42.375951334856 and parameters: {'alpha': 839.5609937634775, 'l1_ratio': 0.1737857110957985, 'max_iter': 6976844}. Best is trial 9 with value: 29.28647292631998.
[I 2025-01-31 19:30:16,131] Trial 11 finished with value: 39.178429010641565 and parameters: {'alpha': 138.22977573284805, 'l1_ratio': 0.9712023168070644, 'max_iter': 5963465}. Best is trial 9 with value: 29.28647292631998.
[I 2025-01-31 19:30:19,304] Trial 12 finished with value: 38.60258588670786 and parameters: {'alpha': 0.01626620968823243, 'l1_ratio': 0.632041891680327, 'max_iter': 7589871}. Best is trial 9 with value: 29.28647292631998.
[I 2025-01-31 19:30:22,552] Trial 13 finished with value: 38.730556444403895 and parameters: {'alpha': 0.019584891191301402, 'l1_ratio': 0.6410307136710205, 'max_iter': 8125714}. Best is trial 9 with value: 29.28647292631998.
[I 2025-01-31 19:30:25,728] Trial 14 finished with value: 40.546158714982575 and parameters: {'alpha': 0.013676562954984582, 'l1_ratio': 0.47741568186488287, 'max_iter': 9757601}. Best is trial 9 with value: 29.28647292631998.
[I 2025-01-31 19:30:28,966] Trial 15 finished with value: 52.91884732793208 and parameters: {'alpha': 0.0015554823121681652, 'l1_ratio': 0.7072762287575282, 'max_iter': 7740141}. Best is trial 9 with value: 29.28647292631998.
[I 2025-01-31 19:30:32,236] Trial 16 finished with value: 32.36928296861067 and parameters: {'alpha': 0.19051364263695927, 'l1_ratio': 0.33926392520572846, 'max_iter': 8892773}. Best is trial 9 with value: 29.28647292631998.
[I 2025-01-31 19:30:35,401] Trial 17 finished with value: 34.34132774120533 and parameters: {'alpha': 0.2068782297396869, 'l1_ratio': 0.29937996794040705, 'max_iter': 9029876}. Best is trial 9 with value: 29.28647292631998.
[I 2025-01-31 19:30:38,660] Trial 18 finished with value: 40.70980742359618 and parameters: {'alpha': 3.724709824571962, 'l1_ratio': 0.12825084251024674, 'max_iter': 5628570}. Best is trial 9 with value: 29.28647292631998.
[I 2025-01-31 19:30:41,800] Trial 19 finished with value: 34.78247316071639 and parameters: {'alpha': 0.0859414701423123, 'l1_ratio': 0.3187790637356834, 'max_iter': 6871409}. Best is trial 9 with value: 29.28647292631998.
[I 2025-01-31 19:30:45,014] Trial 20 finished with value: 43.742480663402695 and parameters: {'alpha': 6.353210295154651, 'l1_ratio': 0.20606751257326944, 'max_iter': 8930968}. Best is trial 9 with value: 29.28647292631998.
[I 2025-01-31 19:30:48,150] Trial 21 finished with value: 40.33275878717519 and parameters: {'alpha': 0.1833982182005031, 'l1_ratio': 0.32972745184124413, 'max_iter': 9685575}. Best is trial 9 with value: 29.28647292631998.
[I 2025-01-31 19:30:51,565] Trial 22 finished with value: 56.23042922607254 and parameters: {'alpha': 1.1252990243389018e-05, 'l1_ratio': 0.24321442813604513, 'max_iter': 8838459}. Best is trial 9 with value: 29.28647292631998.
[I 2025-01-31 19:30:54,729] Trial 23 finished with value: 36.07633015763498 and parameters: {'alpha': 0.053871500904659406, 'l1_ratio': 0.41719235720557823, 'max_iter': 6985877}. Best is trial 9 with value: 29.28647292631998.
[I 2025-01-31 19:30:57,878] Trial 24 finished with value: 32.47490219681825 and parameters: {'alpha': 0.18841282319801192, 'l1_ratio': 0.5234142063595115, 'max_iter': 8976323}. Best is trial 9 with value: 29.28647292631998.
[I 2025-01-31 19:31:01,163] Trial 25 finished with value: 47.35577513045148 and parameters: {'alpha': 0.001882241329096478, 'l1_ratio': 0.5533765342004724, 'max_iter': 7728942}. Best is trial 9 with value: 29.28647292631998.
[I 2025-01-31 19:31:04,345] Trial 26 finished with value: 44.19186868183763 and parameters: {'alpha': 22.111947133170844, 'l1_ratio': 0.49794275629139323, 'max_iter': 8399043}. Best is trial 9 with value: 29.28647292631998.
[I 2025-01-31 19:31:07,476] Trial 27 finished with value: 39.96460615196024 and parameters: {'alpha': 1.5947572451945657, 'l1_ratio': 0.4171618441760813, 'max_iter': 9964469}. Best is trial 9 with value: 29.28647292631998.
[I 2025-01-31 19:31:10,646] Trial 28 finished with value: 35.4389378590126 and parameters: {'alpha': 0.04684328932521183, 'l1_ratio': 0.7216201526324014, 'max_iter': 5493501}. Best is trial 9 with value: 29.28647292631998.
[I 2025-01-31 19:31:13,785] Trial 29 finished with value: 41.264845155603005 and parameters: {'alpha': 1.7075323932698332, 'l1_ratio': 0.61105951115251, 'max_iter': 6581762}. Best is trial 9 with value: 29.28647292631998.
[I 2025-01-31 19:31:16,891] Trial 30 finished with value: 37.780830489780385 and parameters: {'alpha': 0.3511232889578014, 'l1_ratio': 0.3595612135875364, 'max_iter': 9291193}. Best is trial 9 with value: 29.28647292631998.
[I 2025-01-31 19:31:20,114] Trial 31 finished with value: 35.311843799600595 and parameters: {'alpha': 0.152173224290545, 'l1_ratio': 0.26060967601995666, 'max_iter': 9130589}. Best is trial 9 with value: 29.28647292631998.
[I 2025-01-31 19:31:23,304] Trial 32 finished with value: 38.04598128679028 and parameters: {'alpha': 0.3628924015974882, 'l1_ratio': 0.5317299472910243, 'max_iter': 8279342}. Best is trial 9 with value: 29.28647292631998.
[I 2025-01-31 19:31:26,496] Trial 33 finished with value: 43.33140952694197 and parameters: {'alpha': 0.004091824694955327, 'l1_ratio': 0.3683130615124934, 'max_iter': 7393955}. Best is trial 9 with value: 29.28647292631998.
[I 2025-01-31 19:31:29,778] Trial 34 finished with value: 41.73142119300208 and parameters: {'alpha': 1.4888403286876168, 'l1_ratio': 0.2955545803830293, 'max_iter': 2127066}. Best is trial 9 with value: 29.28647292631998.
[I 2025-01-31 19:31:32,986] Trial 35 finished with value: 32.430325026961114 and parameters: {'alpha': 0.05172262962255509, 'l1_ratio': 0.511159277374271, 'max_iter': 4894158}. Best is trial 9 with value: 29.28647292631998.
[I 2025-01-31 19:31:36,139] Trial 36 finished with value: 36.133711572274144 and parameters: {'alpha': 0.04440509795883077, 'l1_ratio': 0.5204031479734849, 'max_iter': 4427329}. Best is trial 9 with value: 29.28647292631998.
[I 2025-01-31 19:31:39,240] Trial 37 finished with value: 40.04226053662778 and parameters: {'alpha': 0.8343434441002798, 'l1_ratio': 0.6757749520010855, 'max_iter': 4984215}. Best is trial 9 with value: 29.28647292631998.
[I 2025-01-31 19:31:42,435] Trial 38 finished with value: 43.31818672815637 and parameters: {'alpha': 0.006656772987453147, 'l1_ratio': 0.7798916800933828, 'max_iter': 2538175}. Best is trial 9 with value: 29.28647292631998.
[I 2025-01-31 19:31:45,717] Trial 39 finished with value: 56.80729523436755 and parameters: {'alpha': 0.0005301357006877795, 'l1_ratio': 0.44732547098721576, 'max_iter': 92301}. Best is trial 9 with value: 29.28647292631998.
[I 2025-01-31 19:31:48,836] Trial 40 finished with value: 38.23545196991577 and parameters: {'alpha': 0.027598018978808314, 'l1_ratio': 0.5808216039157241, 'max_iter': 3421147}. Best is trial 9 with value: 29.28647292631998.
[I 2025-01-31 19:31:52,086] Trial 41 finished with value: 33.076158339719726 and parameters: {'alpha': 0.24179478770599047, 'l1_ratio': 0.3704656865712779, 'max_iter': 8692584}. Best is trial 9 with value: 29.28647292631998.
[I 2025-01-31 19:31:55,297] Trial 42 finished with value: 36.35705716951926 and parameters: {'alpha': 0.5101151504386134, 'l1_ratio': 0.4562652273702247, 'max_iter': 8618277}. Best is trial 9 with value: 29.28647292631998.
[I 2025-01-31 19:31:58,420] Trial 43 finished with value: 34.76026757344168 and parameters: {'alpha': 0.12128117594452076, 'l1_ratio': 0.3733982094392548, 'max_iter': 4626610}. Best is trial 9 with value: 29.28647292631998.
[I 2025-01-31 19:32:01,622] Trial 44 finished with value: 44.83580568811621 and parameters: {'alpha': 4.283539261046329, 'l1_ratio': 0.5796030101008856, 'max_iter': 6305015}. Best is trial 9 with value: 29.28647292631998.
[I 2025-01-31 19:32:04,800] Trial 45 finished with value: 41.73213123832205 and parameters: {'alpha': 22.476858395006683, 'l1_ratio': 0.5086171805333658, 'max_iter': 8009626}. Best is trial 9 with value: 29.28647292631998.
[I 2025-01-31 19:32:07,988] Trial 46 finished with value: 36.52544026815308 and parameters: {'alpha': 0.06913511149503913, 'l1_ratio': 0.4075347028590061, 'max_iter': 9417573}. Best is trial 9 with value: 29.28647292631998.
[I 2025-01-31 19:32:11,167] Trial 47 finished with value: 38.06174813190466 and parameters: {'alpha': 0.007212366237643623, 'l1_ratio': 0.47146593368176776, 'max_iter': 3813500}. Best is trial 9 with value: 29.28647292631998.
[I 2025-01-31 19:32:14,339] Trial 48 finished with value: 36.68182430998662 and parameters: {'alpha': 0.32163360380856754, 'l1_ratio': 0.557143691867608, 'max_iter': 7288304}. Best is trial 9 with value: 29.28647292631998.
[I 2025-01-31 19:32:17,661] Trial 49 finished with value: 35.37878499008545 and parameters: {'alpha': 0.024762793594697186, 'l1_ratio': 0.6481357118785778, 'max_iter': 9992186}. Best is trial 9 with value: 29.28647292631998.
SHAP summary plot saved to Figs/SHAPsum_BayesianRidge_False.png

Predict vs. Reality:
Initialized tuner for ElasticNet. Running optimization...
Best parameters for ElasticNet: {'alpha': 0.15274266941999942, 'l1_ratio': 0.5789392188701508, 'max_iter': 9193046}
Best MAPE for ElasticNet: 29.28647292631998
Results for ElasticNet: R2 = -0.1514532009248347, MSE = 0.37492181286025894, MAE = 0.42299135002744936, MAPE = 38.82384053086948%

Bar Plot for Feature Importance:
  0%|          | 0/3 [00:00<?, ?it/s]100%|██████████| 3/3 [00:00<00:00, 277.44it/s]

Generating SHAP Summary Plot...
  0%|          | 0/3 [00:00<?, ?it/s]100%|██████████| 3/3 [00:00<00:00, 284.45it/s]
[I 2025-01-31 19:32:23,805] A new study created in memory with name: no-name-b5930460-6173-4d52-9fcd-b8808e3f007c
[I 2025-01-31 19:33:09,532] Trial 0 finished with value: 45.319246416315856 and parameters: {'n_estimators': 356, 'max_depth': 10, 'min_samples_split': 8}. Best is trial 0 with value: 45.319246416315856.
[I 2025-01-31 19:34:00,542] Trial 1 finished with value: 48.38309101014174 and parameters: {'n_estimators': 405, 'max_depth': 7, 'min_samples_split': 9}. Best is trial 0 with value: 45.319246416315856.
[I 2025-01-31 19:34:26,499] Trial 2 finished with value: 55.4899441764978 and parameters: {'n_estimators': 204, 'max_depth': 17, 'min_samples_split': 15}. Best is trial 0 with value: 45.319246416315856.
[I 2025-01-31 19:34:52,168] Trial 3 finished with value: 51.15294304465646 and parameters: {'n_estimators': 200, 'max_depth': 11, 'min_samples_split': 14}. Best is trial 0 with value: 45.319246416315856.
[I 2025-01-31 19:35:38,077] Trial 4 finished with value: 53.3358297952547 and parameters: {'n_estimators': 335, 'max_depth': 20, 'min_samples_split': 3}. Best is trial 0 with value: 45.319246416315856.
[I 2025-01-31 19:36:15,246] Trial 5 finished with value: 49.32883581161133 and parameters: {'n_estimators': 303, 'max_depth': 4, 'min_samples_split': 12}. Best is trial 0 with value: 45.319246416315856.
[I 2025-01-31 19:36:31,208] Trial 6 finished with value: 51.614771884091276 and parameters: {'n_estimators': 103, 'max_depth': 20, 'min_samples_split': 4}. Best is trial 0 with value: 45.319246416315856.
[I 2025-01-31 19:37:28,034] Trial 7 finished with value: 47.8311956104165 and parameters: {'n_estimators': 453, 'max_depth': 10, 'min_samples_split': 9}. Best is trial 0 with value: 45.319246416315856.
[I 2025-01-31 19:38:00,368] Trial 8 finished with value: 52.53994019436496 and parameters: {'n_estimators': 262, 'max_depth': 9, 'min_samples_split': 18}. Best is trial 0 with value: 45.319246416315856.
[I 2025-01-31 19:38:36,113] Trial 9 finished with value: 48.729840833411615 and parameters: {'n_estimators': 283, 'max_depth': 9, 'min_samples_split': 12}. Best is trial 0 with value: 45.319246416315856.
[I 2025-01-31 19:39:38,098] Trial 10 finished with value: 47.77079215262186 and parameters: {'n_estimators': 483, 'max_depth': 15, 'min_samples_split': 6}. Best is trial 0 with value: 45.319246416315856.
[I 2025-01-31 19:40:41,610] Trial 11 finished with value: 50.370689466852156 and parameters: {'n_estimators': 496, 'max_depth': 15, 'min_samples_split': 6}. Best is trial 0 with value: 45.319246416315856.
[I 2025-01-31 19:41:32,255] Trial 12 finished with value: 50.75912630652019 and parameters: {'n_estimators': 394, 'max_depth': 14, 'min_samples_split': 7}. Best is trial 0 with value: 45.319246416315856.
[I 2025-01-31 19:42:24,626] Trial 13 finished with value: 50.451326542297636 and parameters: {'n_estimators': 377, 'max_depth': 13, 'min_samples_split': 2}. Best is trial 0 with value: 45.319246416315856.
[I 2025-01-31 19:43:28,281] Trial 14 finished with value: 44.400928604553584 and parameters: {'n_estimators': 498, 'max_depth': 16, 'min_samples_split': 6}. Best is trial 14 with value: 44.400928604553584.
[I 2025-01-31 19:44:22,789] Trial 15 finished with value: 50.01024755977366 and parameters: {'n_estimators': 434, 'max_depth': 17, 'min_samples_split': 9}. Best is trial 14 with value: 44.400928604553584.
[I 2025-01-31 19:45:07,195] Trial 16 finished with value: 50.34123853866469 and parameters: {'n_estimators': 353, 'max_depth': 5, 'min_samples_split': 5}. Best is trial 14 with value: 44.400928604553584.
[I 2025-01-31 19:45:37,985] Trial 17 finished with value: 56.24641122467117 and parameters: {'n_estimators': 232, 'max_depth': 12, 'min_samples_split': 8}. Best is trial 14 with value: 44.400928604553584.
[I 2025-01-31 19:45:54,371] Trial 18 finished with value: 54.90330015307118 and parameters: {'n_estimators': 114, 'max_depth': 7, 'min_samples_split': 11}. Best is trial 14 with value: 44.400928604553584.
[I 2025-01-31 19:46:46,522] Trial 19 finished with value: 46.453461597419654 and parameters: {'n_estimators': 443, 'max_depth': 17, 'min_samples_split': 20}. Best is trial 14 with value: 44.400928604553584.
[I 2025-01-31 19:47:06,811] Trial 20 finished with value: 54.093064159162466 and parameters: {'n_estimators': 149, 'max_depth': 7, 'min_samples_split': 11}. Best is trial 14 with value: 44.400928604553584.
[I 2025-01-31 19:48:00,473] Trial 21 finished with value: 53.26261270821192 and parameters: {'n_estimators': 450, 'max_depth': 17, 'min_samples_split': 15}. Best is trial 14 with value: 44.400928604553584.
[I 2025-01-31 19:48:51,157] Trial 22 finished with value: 51.9792077213812 and parameters: {'n_estimators': 427, 'max_depth': 18, 'min_samples_split': 20}. Best is trial 14 with value: 44.400928604553584.
[I 2025-01-31 19:49:46,746] Trial 23 finished with value: 42.92074802256555 and parameters: {'n_estimators': 469, 'max_depth': 15, 'min_samples_split': 17}. Best is trial 23 with value: 42.92074802256555.
[I 2025-01-31 19:50:45,537] Trial 24 finished with value: 48.900586486861485 and parameters: {'n_estimators': 500, 'max_depth': 15, 'min_samples_split': 18}. Best is trial 23 with value: 42.92074802256555.
[I 2025-01-31 19:51:45,658] Trial 25 finished with value: 43.90618505844564 and parameters: {'n_estimators': 472, 'max_depth': 13, 'min_samples_split': 7}. Best is trial 23 with value: 42.92074802256555.
[I 2025-01-31 19:52:46,263] Trial 26 finished with value: 49.960096869274665 and parameters: {'n_estimators': 469, 'max_depth': 13, 'min_samples_split': 5}. Best is trial 23 with value: 42.92074802256555.
[I 2025-01-31 19:53:34,408] Trial 27 finished with value: 40.87329706108914 and parameters: {'n_estimators': 405, 'max_depth': 14, 'min_samples_split': 17}. Best is trial 27 with value: 40.87329706108914.
[I 2025-01-31 19:54:23,222] Trial 28 finished with value: 45.33836409561087 and parameters: {'n_estimators': 412, 'max_depth': 13, 'min_samples_split': 17}. Best is trial 27 with value: 40.87329706108914.
[I 2025-01-31 19:55:08,180] Trial 29 finished with value: 51.77512541922533 and parameters: {'n_estimators': 373, 'max_depth': 11, 'min_samples_split': 16}. Best is trial 27 with value: 40.87329706108914.
[I 2025-01-31 19:55:48,053] Trial 30 finished with value: 49.5890122868372 and parameters: {'n_estimators': 323, 'max_depth': 14, 'min_samples_split': 14}. Best is trial 27 with value: 40.87329706108914.
[I 2025-01-31 19:56:43,155] Trial 31 finished with value: 56.31200560871856 and parameters: {'n_estimators': 467, 'max_depth': 16, 'min_samples_split': 18}. Best is trial 27 with value: 40.87329706108914.
[I 2025-01-31 19:57:42,963] Trial 32 finished with value: 55.21367812795128 and parameters: {'n_estimators': 474, 'max_depth': 19, 'min_samples_split': 8}. Best is trial 27 with value: 40.87329706108914.
[I 2025-01-31 19:58:34,604] Trial 33 finished with value: 47.93501193295199 and parameters: {'n_estimators': 413, 'max_depth': 16, 'min_samples_split': 10}. Best is trial 27 with value: 40.87329706108914.
[I 2025-01-31 19:59:30,294] Trial 34 finished with value: 48.94108389351979 and parameters: {'n_estimators': 461, 'max_depth': 12, 'min_samples_split': 13}. Best is trial 27 with value: 40.87329706108914.
[I 2025-01-31 20:00:28,852] Trial 35 finished with value: 51.90161020248667 and parameters: {'n_estimators': 499, 'max_depth': 14, 'min_samples_split': 19}. Best is trial 27 with value: 40.87329706108914.
[I 2025-01-31 20:01:15,368] Trial 36 finished with value: 52.14052807431667 and parameters: {'n_estimators': 385, 'max_depth': 16, 'min_samples_split': 16}. Best is trial 27 with value: 40.87329706108914.
[I 2025-01-31 20:02:11,833] Trial 37 finished with value: 50.27940615563388 and parameters: {'n_estimators': 419, 'max_depth': 18, 'min_samples_split': 3}. Best is trial 27 with value: 40.87329706108914.
[I 2025-01-31 20:03:07,961] Trial 38 finished with value: 52.03621423881775 and parameters: {'n_estimators': 441, 'max_depth': 11, 'min_samples_split': 7}. Best is trial 27 with value: 40.87329706108914.
[I 2025-01-31 20:03:51,279] Trial 39 finished with value: 51.646460044367196 and parameters: {'n_estimators': 356, 'max_depth': 14, 'min_samples_split': 14}. Best is trial 27 with value: 40.87329706108914.
[I 2025-01-31 20:04:48,103] Trial 40 finished with value: 52.83554547648772 and parameters: {'n_estimators': 481, 'max_depth': 19, 'min_samples_split': 16}. Best is trial 27 with value: 40.87329706108914.
[I 2025-01-31 20:05:29,840] Trial 41 finished with value: 42.661174454529046 and parameters: {'n_estimators': 324, 'max_depth': 9, 'min_samples_split': 8}. Best is trial 27 with value: 40.87329706108914.
[I 2025-01-31 20:06:10,404] Trial 42 finished with value: 46.78674311835803 and parameters: {'n_estimators': 310, 'max_depth': 9, 'min_samples_split': 7}. Best is trial 27 with value: 40.87329706108914.
[I 2025-01-31 20:06:48,438] Trial 43 finished with value: 50.7267284196304 and parameters: {'n_estimators': 285, 'max_depth': 10, 'min_samples_split': 5}. Best is trial 27 with value: 40.87329706108914.
[I 2025-01-31 20:07:38,643] Trial 44 finished with value: 50.008848642671744 and parameters: {'n_estimators': 403, 'max_depth': 8, 'min_samples_split': 10}. Best is trial 27 with value: 40.87329706108914.
[I 2025-01-31 20:08:10,836] Trial 45 finished with value: 50.841108581754824 and parameters: {'n_estimators': 249, 'max_depth': 5, 'min_samples_split': 6}. Best is trial 27 with value: 40.87329706108914.
[I 2025-01-31 20:09:10,737] Trial 46 finished with value: 52.55569086378218 and parameters: {'n_estimators': 484, 'max_depth': 12, 'min_samples_split': 10}. Best is trial 27 with value: 40.87329706108914.
[I 2025-01-31 20:10:08,566] Trial 47 finished with value: 43.054777010174405 and parameters: {'n_estimators': 458, 'max_depth': 15, 'min_samples_split': 8}. Best is trial 27 with value: 40.87329706108914.
[I 2025-01-31 20:10:52,747] Trial 48 finished with value: 50.07590424842294 and parameters: {'n_estimators': 349, 'max_depth': 15, 'min_samples_split': 9}. Best is trial 27 with value: 40.87329706108914.
[I 2025-01-31 20:11:45,537] Trial 49 finished with value: 50.86729800373635 and parameters: {'n_estimators': 431, 'max_depth': 13, 'min_samples_split': 12}. Best is trial 27 with value: 40.87329706108914.
SHAP summary plot saved to Figs/SHAPsum_ElasticNet_False.png

Predict vs. Reality:
Initialized tuner for RandomForestRegressor. Running optimization...
Best parameters for RandomForestRegressor: {'n_estimators': 405, 'max_depth': 14, 'min_samples_split': 17}
Best MAPE for RandomForestRegressor: 40.87329706108914
Results for RandomForestRegressor: R2 = 0.1669749689062282, MSE = 0.12292148815206118, MAE = 0.26226229791596517, MAPE = 13.104111939929378%

Bar Plot for Feature Importance:
  0%|          | 0/3 [00:00<?, ?it/s] 67%|██████▋   | 2/3 [00:00<00:00, 11.60it/s]100%|██████████| 3/3 [00:00<00:00, 11.16it/s]

Generating SHAP Summary Plot...
  0%|          | 0/3 [00:00<?, ?it/s] 67%|██████▋   | 2/3 [00:00<00:00, 11.30it/s]100%|██████████| 3/3 [00:00<00:00, 10.99it/s]
[I 2025-01-31 20:12:03,957] A new study created in memory with name: no-name-1a2f798a-592a-4581-87bb-2f8690bfd1fc
[I 2025-01-31 20:12:14,014] Trial 0 finished with value: 37.55264877095719 and parameters: {'max_depth': 11, 'learning_rate': 5.942796215967056e-05, 'min_samples_split': 37}. Best is trial 0 with value: 37.55264877095719.
[I 2025-01-31 20:12:26,508] Trial 1 finished with value: 45.044934241148596 and parameters: {'max_depth': 11, 'learning_rate': 0.0015782994131085183, 'min_samples_split': 5}. Best is trial 0 with value: 37.55264877095719.
[I 2025-01-31 20:12:37,664] Trial 2 finished with value: 40.19623865654797 and parameters: {'max_depth': 6, 'learning_rate': 0.00011281929385775657, 'min_samples_split': 10}. Best is trial 0 with value: 37.55264877095719.
[I 2025-01-31 20:12:50,906] Trial 3 finished with value: 45.42058036954947 and parameters: {'max_depth': 18, 'learning_rate': 0.1643072437258176, 'min_samples_split': 33}. Best is trial 0 with value: 37.55264877095719.
[I 2025-01-31 20:13:02,881] Trial 4 finished with value: 45.484574273734395 and parameters: {'max_depth': 9, 'learning_rate': 0.0026929675845491175, 'min_samples_split': 8}. Best is trial 0 with value: 37.55264877095719.
[I 2025-01-31 20:13:12,952] Trial 5 finished with value: 39.88225231260791 and parameters: {'max_depth': 7, 'learning_rate': 0.010448448856256924, 'min_samples_split': 30}. Best is trial 0 with value: 37.55264877095719.
[I 2025-01-31 20:13:23,051] Trial 6 finished with value: 40.110310178334785 and parameters: {'max_depth': 11, 'learning_rate': 0.00013943589078055564, 'min_samples_split': 29}. Best is trial 0 with value: 37.55264877095719.
[I 2025-01-31 20:13:32,700] Trial 7 finished with value: 41.27527203814309 and parameters: {'max_depth': 19, 'learning_rate': 0.001141639490667389, 'min_samples_split': 44}. Best is trial 0 with value: 37.55264877095719.
[I 2025-01-31 20:13:43,540] Trial 8 finished with value: 42.33260446801089 and parameters: {'max_depth': 15, 'learning_rate': 0.009897902887762227, 'min_samples_split': 20}. Best is trial 0 with value: 37.55264877095719.
[I 2025-01-31 20:13:53,865] Trial 9 finished with value: 43.90611830974721 and parameters: {'max_depth': 12, 'learning_rate': 1.8963438822197395e-05, 'min_samples_split': 26}. Best is trial 0 with value: 37.55264877095719.
[I 2025-01-31 20:14:03,152] Trial 10 finished with value: 44.06376821838944 and parameters: {'max_depth': 3, 'learning_rate': 1.1256425078208696e-05, 'min_samples_split': 47}. Best is trial 0 with value: 37.55264877095719.
[I 2025-01-31 20:14:13,498] Trial 11 finished with value: 50.71128454509485 and parameters: {'max_depth': 6, 'learning_rate': 0.0626981515470716, 'min_samples_split': 38}. Best is trial 0 with value: 37.55264877095719.
[I 2025-01-31 20:14:24,233] Trial 12 finished with value: 47.054542575171766 and parameters: {'max_depth': 7, 'learning_rate': 0.04105565396152607, 'min_samples_split': 20}. Best is trial 0 with value: 37.55264877095719.
[I 2025-01-31 20:14:33,829] Trial 13 finished with value: 44.66819287853954 and parameters: {'max_depth': 3, 'learning_rate': 0.5543468287485395, 'min_samples_split': 38}. Best is trial 0 with value: 37.55264877095719.
[I 2025-01-31 20:14:43,873] Trial 14 finished with value: 36.20780592459284 and parameters: {'max_depth': 14, 'learning_rate': 0.00022003462424304216, 'min_samples_split': 40}. Best is trial 14 with value: 36.20780592459284.
[I 2025-01-31 20:14:53,518] Trial 15 finished with value: 42.9111816853388 and parameters: {'max_depth': 15, 'learning_rate': 0.0001771490119743201, 'min_samples_split': 50}. Best is trial 14 with value: 36.20780592459284.
[I 2025-01-31 20:15:03,039] Trial 16 finished with value: 45.891672174343476 and parameters: {'max_depth': 14, 'learning_rate': 3.875297126752271e-05, 'min_samples_split': 42}. Best is trial 14 with value: 36.20780592459284.
[I 2025-01-31 20:15:13,019] Trial 17 finished with value: 42.55633697368275 and parameters: {'max_depth': 17, 'learning_rate': 0.0005418590658880021, 'min_samples_split': 37}. Best is trial 14 with value: 36.20780592459284.
[I 2025-01-31 20:15:23,360] Trial 18 finished with value: 45.2572513213333 and parameters: {'max_depth': 13, 'learning_rate': 0.00031824729650518674, 'min_samples_split': 22}. Best is trial 14 with value: 36.20780592459284.
[I 2025-01-31 20:15:33,357] Trial 19 finished with value: 38.76706331605461 and parameters: {'max_depth': 9, 'learning_rate': 4.909555694807005e-05, 'min_samples_split': 34}. Best is trial 14 with value: 36.20780592459284.
[I 2025-01-31 20:15:42,946] Trial 20 finished with value: 44.127226674328625 and parameters: {'max_depth': 16, 'learning_rate': 5.076866921196815e-05, 'min_samples_split': 42}. Best is trial 14 with value: 36.20780592459284.
[I 2025-01-31 20:15:52,976] Trial 21 finished with value: 40.97852272893156 and parameters: {'max_depth': 9, 'learning_rate': 5.765310336132277e-05, 'min_samples_split': 34}. Best is trial 14 with value: 36.20780592459284.
[I 2025-01-31 20:16:03,077] Trial 22 finished with value: 44.356988602000975 and parameters: {'max_depth': 10, 'learning_rate': 0.0004470119920179664, 'min_samples_split': 33}. Best is trial 14 with value: 36.20780592459284.
[I 2025-01-31 20:16:13,110] Trial 23 finished with value: 38.72351622914172 and parameters: {'max_depth': 12, 'learning_rate': 2.9105933118142603e-05, 'min_samples_split': 40}. Best is trial 14 with value: 36.20780592459284.
[I 2025-01-31 20:16:22,665] Trial 24 finished with value: 44.89874554689683 and parameters: {'max_depth': 12, 'learning_rate': 1.7872782688961234e-05, 'min_samples_split': 45}. Best is trial 14 with value: 36.20780592459284.
[I 2025-01-31 20:16:32,486] Trial 25 finished with value: 43.72747617279138 and parameters: {'max_depth': 13, 'learning_rate': 0.0001304745396609927, 'min_samples_split': 40}. Best is trial 14 with value: 36.20780592459284.
[I 2025-01-31 20:16:41,830] Trial 26 finished with value: 46.74706319912901 and parameters: {'max_depth': 20, 'learning_rate': 1.0678657591297021e-05, 'min_samples_split': 50}. Best is trial 14 with value: 36.20780592459284.
[I 2025-01-31 20:16:51,409] Trial 27 finished with value: 43.965308444013196 and parameters: {'max_depth': 14, 'learning_rate': 0.0008112055523911153, 'min_samples_split': 46}. Best is trial 14 with value: 36.20780592459284.
[I 2025-01-31 20:17:01,549] Trial 28 finished with value: 38.100607850136285 and parameters: {'max_depth': 16, 'learning_rate': 2.5519035238249135e-05, 'min_samples_split': 27}. Best is trial 14 with value: 36.20780592459284.
[I 2025-01-31 20:17:11,755] Trial 29 finished with value: 40.74772941408074 and parameters: {'max_depth': 17, 'learning_rate': 0.00026892037601358894, 'min_samples_split': 25}. Best is trial 14 with value: 36.20780592459284.
[I 2025-01-31 20:17:23,110] Trial 30 finished with value: 37.14206174441255 and parameters: {'max_depth': 16, 'learning_rate': 0.0022814172233957468, 'min_samples_split': 13}. Best is trial 14 with value: 36.20780592459284.
[I 2025-01-31 20:17:36,438] Trial 31 finished with value: 38.954050042666246 and parameters: {'max_depth': 16, 'learning_rate': 0.006642767508008623, 'min_samples_split': 3}. Best is trial 14 with value: 36.20780592459284.
[I 2025-01-31 20:17:47,510] Trial 32 finished with value: 43.391188496273074 and parameters: {'max_depth': 14, 'learning_rate': 8.798749334538872e-05, 'min_samples_split': 16}. Best is trial 14 with value: 36.20780592459284.
[I 2025-01-31 20:17:59,248] Trial 33 finished with value: 36.74707572545835 and parameters: {'max_depth': 18, 'learning_rate': 0.003634167160431626, 'min_samples_split': 12}. Best is trial 14 with value: 36.20780592459284.
[I 2025-01-31 20:18:10,747] Trial 34 finished with value: 40.433011345204605 and parameters: {'max_depth': 18, 'learning_rate': 0.0023473815775260816, 'min_samples_split': 13}. Best is trial 14 with value: 36.20780592459284.
[I 2025-01-31 20:18:23,006] Trial 35 finished with value: 40.89589981346412 and parameters: {'max_depth': 19, 'learning_rate': 0.004888633676113515, 'min_samples_split': 7}. Best is trial 14 with value: 36.20780592459284.
[I 2025-01-31 20:18:34,876] Trial 36 finished with value: 47.79997011469174 and parameters: {'max_depth': 18, 'learning_rate': 0.019555449975540574, 'min_samples_split': 12}. Best is trial 14 with value: 36.20780592459284.
[I 2025-01-31 20:18:45,994] Trial 37 finished with value: 46.58151657454309 and parameters: {'max_depth': 11, 'learning_rate': 0.0015106590256767649, 'min_samples_split': 16}. Best is trial 14 with value: 36.20780592459284.
[I 2025-01-31 20:18:58,153] Trial 38 finished with value: 46.96837177639626 and parameters: {'max_depth': 17, 'learning_rate': 0.0038858910010501624, 'min_samples_split': 9}. Best is trial 14 with value: 36.20780592459284.
[I 2025-01-31 20:19:10,435] Trial 39 finished with value: 43.552233492106005 and parameters: {'max_depth': 15, 'learning_rate': 0.0007954608132573594, 'min_samples_split': 6}. Best is trial 14 with value: 36.20780592459284.
[I 2025-01-31 20:19:20,538] Trial 40 finished with value: 40.17985742770686 and parameters: {'max_depth': 20, 'learning_rate': 0.0025458220887678005, 'min_samples_split': 31}. Best is trial 14 with value: 36.20780592459284.
[I 2025-01-31 20:19:31,585] Trial 41 finished with value: 41.08631165275148 and parameters: {'max_depth': 16, 'learning_rate': 9.571335294084641e-05, 'min_samples_split': 16}. Best is trial 14 with value: 36.20780592459284.
[I 2025-01-31 20:19:41,886] Trial 42 finished with value: 41.62797980282583 and parameters: {'max_depth': 13, 'learning_rate': 0.01655786806727914, 'min_samples_split': 24}. Best is trial 14 with value: 36.20780592459284.
[I 2025-01-31 20:19:52,226] Trial 43 finished with value: 41.17084560378229 and parameters: {'max_depth': 19, 'learning_rate': 2.2579988712836567e-05, 'min_samples_split': 28}. Best is trial 14 with value: 36.20780592459284.
[I 2025-01-31 20:20:03,119] Trial 44 finished with value: 42.90866434997441 and parameters: {'max_depth': 16, 'learning_rate': 0.0011154571119018396, 'min_samples_split': 19}. Best is trial 14 with value: 36.20780592459284.
[I 2025-01-31 20:20:14,654] Trial 45 finished with value: 36.557781551323785 and parameters: {'max_depth': 18, 'learning_rate': 0.00017648708965358663, 'min_samples_split': 12}. Best is trial 14 with value: 36.20780592459284.
[I 2025-01-31 20:20:26,092] Trial 46 finished with value: 46.226839415669076 and parameters: {'max_depth': 19, 'learning_rate': 0.000202841769863089, 'min_samples_split': 12}. Best is trial 14 with value: 36.20780592459284.
[I 2025-01-31 20:20:37,463] Trial 47 finished with value: 42.84419527513929 and parameters: {'max_depth': 10, 'learning_rate': 0.0004412180285334255, 'min_samples_split': 13}. Best is trial 14 with value: 36.20780592459284.
[I 2025-01-31 20:20:51,370] Trial 48 finished with value: 48.21341645128685 and parameters: {'max_depth': 18, 'learning_rate': 0.15607806680484568, 'min_samples_split': 10}. Best is trial 14 with value: 36.20780592459284.
[I 2025-01-31 20:21:02,743] Trial 49 finished with value: 49.270653884153575 and parameters: {'max_depth': 15, 'learning_rate': 0.035149938407194124, 'min_samples_split': 18}. Best is trial 14 with value: 36.20780592459284.
SHAP summary plot saved to Figs/SHAPsum_RandomForestRegressor_False.png

Predict vs. Reality:
Initialized tuner for GradientBoostingRegressor. Running optimization...
Best parameters for GradientBoostingRegressor: {'max_depth': 14, 'learning_rate': 0.00022003462424304216, 'min_samples_split': 40}
Best MAPE for GradientBoostingRegressor: 36.20780592459284
Results for GradientBoostingRegressor: R2 = -2.5131283497519985, MSE = 1.2402886854419037, MAE = 0.8518281054932539, MAPE = 62.17017720915317%

Bar Plot for Feature Importance:
  0%|          | 0/3 [00:00<?, ?it/s]100%|██████████| 3/3 [00:00<00:00, 235.64it/s]

Generating SHAP Summary Plot...
  0%|          | 0/3 [00:00<?, ?it/s]100%|██████████| 3/3 [00:00<00:00, 228.10it/s]
[I 2025-01-31 20:21:09,834] A new study created in memory with name: no-name-1c7bb886-58ce-4526-8871-0f596d00337c
[I 2025-01-31 20:21:17,499] Trial 0 finished with value: 45.24833678519522 and parameters: {'n_estimators': 352, 'max_depth': 6, 'learning_rate': 0.07457386093106418, 'reg_alpha': 0.0044149027464547895, 'reg_lambda': 3.678387026580175e-05, 'subsample': 0.956316328266549, 'colsample_bytree': 0.6057427695526466, 'gamma': 0.1100634903698322, 'min_child_weight': 8}. Best is trial 0 with value: 45.24833678519522.
[I 2025-01-31 20:21:22,989] Trial 1 finished with value: 44.145079562600365 and parameters: {'n_estimators': 219, 'max_depth': 13, 'learning_rate': 0.03233356832558064, 'reg_alpha': 1.0098948225738677e-05, 'reg_lambda': 2.130407618169116e-05, 'subsample': 0.7022256753356095, 'colsample_bytree': 0.7529772292866505, 'gamma': 2.149511902910019, 'min_child_weight': 2}. Best is trial 1 with value: 44.145079562600365.
[I 2025-01-31 20:21:29,009] Trial 2 finished with value: 40.90473487072616 and parameters: {'n_estimators': 297, 'max_depth': 14, 'learning_rate': 0.05649389189845746, 'reg_alpha': 0.0010522314462902153, 'reg_lambda': 0.00011831260168216481, 'subsample': 0.8242406620482746, 'colsample_bytree': 0.7641378583649255, 'gamma': 3.4685727960514408, 'min_child_weight': 2}. Best is trial 2 with value: 40.90473487072616.
[I 2025-01-31 20:21:34,741] Trial 3 finished with value: 41.662340343039716 and parameters: {'n_estimators': 279, 'max_depth': 7, 'learning_rate': 0.2710619815637435, 'reg_alpha': 0.0012015329080888695, 'reg_lambda': 0.053349376078974345, 'subsample': 0.8814498256341126, 'colsample_bytree': 0.9840194482961584, 'gamma': 2.7981578493330095, 'min_child_weight': 4}. Best is trial 2 with value: 40.90473487072616.
[I 2025-01-31 20:21:40,405] Trial 4 finished with value: 41.391090624066294 and parameters: {'n_estimators': 270, 'max_depth': 15, 'learning_rate': 0.08900045979918163, 'reg_alpha': 0.5387121223271842, 'reg_lambda': 0.0010265894332074277, 'subsample': 0.9434787527686537, 'colsample_bytree': 0.7682834233858964, 'gamma': 4.095315669942572, 'min_child_weight': 4}. Best is trial 2 with value: 40.90473487072616.
[I 2025-01-31 20:21:47,672] Trial 5 finished with value: 39.03424280722964 and parameters: {'n_estimators': 459, 'max_depth': 13, 'learning_rate': 0.029016786964547663, 'reg_alpha': 0.6693231257270907, 'reg_lambda': 0.2391367231965385, 'subsample': 0.7607242378460914, 'colsample_bytree': 0.6064340215758915, 'gamma': 4.210605378254616, 'min_child_weight': 10}. Best is trial 5 with value: 39.03424280722964.
[I 2025-01-31 20:21:52,827] Trial 6 finished with value: 38.31551727627255 and parameters: {'n_estimators': 137, 'max_depth': 11, 'learning_rate': 0.011077344696232175, 'reg_alpha': 0.28437980014121594, 'reg_lambda': 0.04502236953998401, 'subsample': 0.8057264486495435, 'colsample_bytree': 0.6306436799186635, 'gamma': 4.93760668350208, 'min_child_weight': 2}. Best is trial 6 with value: 38.31551727627255.
[I 2025-01-31 20:22:00,005] Trial 7 finished with value: 47.51120074329514 and parameters: {'n_estimators': 432, 'max_depth': 14, 'learning_rate': 0.04626132490307724, 'reg_alpha': 0.005318526985817762, 'reg_lambda': 0.0009000163967182606, 'subsample': 0.7791603757375316, 'colsample_bytree': 0.7202134834445425, 'gamma': 0.26606056510166176, 'min_child_weight': 4}. Best is trial 6 with value: 38.31551727627255.
[I 2025-01-31 20:22:06,332] Trial 8 finished with value: 37.88656490933132 and parameters: {'n_estimators': 342, 'max_depth': 9, 'learning_rate': 0.13877801607474513, 'reg_alpha': 0.0002921449388106112, 'reg_lambda': 0.0038454369791674063, 'subsample': 0.87644944034734, 'colsample_bytree': 0.9255284935564735, 'gamma': 0.36251438564538385, 'min_child_weight': 6}. Best is trial 8 with value: 37.88656490933132.
[I 2025-01-31 20:22:12,643] Trial 9 finished with value: 38.79472894482788 and parameters: {'n_estimators': 286, 'max_depth': 20, 'learning_rate': 0.02286049946590829, 'reg_alpha': 0.2410039673807507, 'reg_lambda': 0.018263694960799156, 'subsample': 0.8053792582063118, 'colsample_bytree': 0.9139049881202713, 'gamma': 1.7990325665384421, 'min_child_weight': 5}. Best is trial 8 with value: 37.88656490933132.
[I 2025-01-31 20:22:19,360] Trial 10 finished with value: 37.95809920734532 and parameters: {'n_estimators': 382, 'max_depth': 3, 'learning_rate': 0.19248709702375932, 'reg_alpha': 3.3805613904012334e-05, 'reg_lambda': 0.004751080244287607, 'subsample': 0.8815857750957221, 'colsample_bytree': 0.8696102231323574, 'gamma': 1.21985057891496, 'min_child_weight': 7}. Best is trial 8 with value: 37.88656490933132.
[I 2025-01-31 20:22:25,993] Trial 11 finished with value: 43.440639102392204 and parameters: {'n_estimators': 381, 'max_depth': 3, 'learning_rate': 0.20080359605471598, 'reg_alpha': 3.424020991411561e-05, 'reg_lambda': 0.004231058100703065, 'subsample': 0.8875218589845262, 'colsample_bytree': 0.8668190995950174, 'gamma': 1.2003638119278317, 'min_child_weight': 7}. Best is trial 8 with value: 37.88656490933132.
[I 2025-01-31 20:22:32,540] Trial 12 finished with value: 45.38552022665418 and parameters: {'n_estimators': 368, 'max_depth': 3, 'learning_rate': 0.1486059991227272, 'reg_alpha': 0.00015456337770096076, 'reg_lambda': 0.004478481502456246, 'subsample': 0.8999343674191824, 'colsample_bytree': 0.8627574638617004, 'gamma': 1.109832438130745, 'min_child_weight': 7}. Best is trial 8 with value: 37.88656490933132.
[I 2025-01-31 20:22:40,005] Trial 13 finished with value: 45.885081764856515 and parameters: {'n_estimators': 490, 'max_depth': 9, 'learning_rate': 0.12894977865858642, 'reg_alpha': 0.00014947799910186422, 'reg_lambda': 0.0005558469259718117, 'subsample': 0.9906534834466357, 'colsample_bytree': 0.9997777095817177, 'gamma': 0.8671787416855731, 'min_child_weight': 9}. Best is trial 8 with value: 37.88656490933132.
[I 2025-01-31 20:22:46,987] Trial 14 finished with value: 40.05998449956124 and parameters: {'n_estimators': 410, 'max_depth': 6, 'learning_rate': 0.26403637983089956, 'reg_alpha': 0.00014902070658381344, 'reg_lambda': 0.6051578152225967, 'subsample': 0.856588216360257, 'colsample_bytree': 0.9138673606382439, 'gamma': 1.6266129411642822, 'min_child_weight': 6}. Best is trial 8 with value: 37.88656490933132.
[I 2025-01-31 20:22:53,344] Trial 15 finished with value: 44.299686646693345 and parameters: {'n_estimators': 336, 'max_depth': 18, 'learning_rate': 0.12064719866467227, 'reg_alpha': 0.032463709452083184, 'reg_lambda': 0.010355263985166651, 'subsample': 0.9151349210565378, 'colsample_bytree': 0.8549155413101037, 'gamma': 0.5819619649084916, 'min_child_weight': 6}. Best is trial 8 with value: 37.88656490933132.
[I 2025-01-31 20:22:58,931] Trial 16 finished with value: 37.81245845182344 and parameters: {'n_estimators': 234, 'max_depth': 9, 'learning_rate': 0.20485891334887363, 'reg_alpha': 3.300348460786662e-05, 'reg_lambda': 0.0002046267310787393, 'subsample': 0.8340725439796275, 'colsample_bytree': 0.9289938770387536, 'gamma': 2.5788719641855016, 'min_child_weight': 9}. Best is trial 16 with value: 37.81245845182344.
[I 2025-01-31 20:23:04,348] Trial 17 finished with value: 43.18005488086682 and parameters: {'n_estimators': 215, 'max_depth': 9, 'learning_rate': 0.0928549029459732, 'reg_alpha': 0.0007339231376163032, 'reg_lambda': 0.00014822380981298705, 'subsample': 0.8493677744118984, 'colsample_bytree': 0.9198912912233856, 'gamma': 2.7731156828963046, 'min_child_weight': 10}. Best is trial 16 with value: 37.81245845182344.
[I 2025-01-31 20:23:09,109] Trial 18 finished with value: 41.11328243763782 and parameters: {'n_estimators': 125, 'max_depth': 10, 'learning_rate': 0.17802267527431825, 'reg_alpha': 1.4346480341533238e-05, 'reg_lambda': 0.0002494144804051407, 'subsample': 0.729230764613362, 'colsample_bytree': 0.951430605357044, 'gamma': 3.23642245180392, 'min_child_weight': 9}. Best is trial 16 with value: 37.81245845182344.
[I 2025-01-31 20:23:14,570] Trial 19 finished with value: 41.6897735153303 and parameters: {'n_estimators': 212, 'max_depth': 8, 'learning_rate': 0.11479693817032575, 'reg_alpha': 0.0003517303763280034, 'reg_lambda': 6.95002302593742e-05, 'subsample': 0.8442161495587136, 'colsample_bytree': 0.8057266270263764, 'gamma': 2.090436407638435, 'min_child_weight': 8}. Best is trial 16 with value: 37.81245845182344.
[I 2025-01-31 20:23:19,683] Trial 20 finished with value: 48.503401955655654 and parameters: {'n_estimators': 172, 'max_depth': 16, 'learning_rate': 0.06275345326848898, 'reg_alpha': 5.0768165722178594e-05, 'reg_lambda': 1.0301097890351575e-05, 'subsample': 0.931733615470553, 'colsample_bytree': 0.818600413351394, 'gamma': 3.3791533473465982, 'min_child_weight': 1}. Best is trial 16 with value: 37.81245845182344.
[I 2025-01-31 20:23:25,879] Trial 21 finished with value: 42.423534124117666 and parameters: {'n_estimators': 324, 'max_depth': 5, 'learning_rate': 0.2085004619036948, 'reg_alpha': 4.876799212060766e-05, 'reg_lambda': 0.002238016427839422, 'subsample': 0.8636611651090029, 'colsample_bytree': 0.9510565204725475, 'gamma': 1.3925914315664079, 'min_child_weight': 7}. Best is trial 16 with value: 37.81245845182344.
[I 2025-01-31 20:23:31,558] Trial 22 finished with value: 45.51887761011963 and parameters: {'n_estimators': 255, 'max_depth': 4, 'learning_rate': 0.271663570371646, 'reg_alpha': 3.404075898964099e-05, 'reg_lambda': 0.012756059327056125, 'subsample': 0.8198220945519656, 'colsample_bytree': 0.8909070343237551, 'gamma': 0.553952173731665, 'min_child_weight': 8}. Best is trial 16 with value: 37.81245845182344.
[I 2025-01-31 20:23:38,615] Trial 23 finished with value: 41.36096677361934 and parameters: {'n_estimators': 406, 'max_depth': 11, 'learning_rate': 0.1534021794085291, 'reg_alpha': 0.00032254414194840547, 'reg_lambda': 0.00037523666341061267, 'subsample': 0.8743862032941728, 'colsample_bytree': 0.9521629653848317, 'gamma': 0.808106451103539, 'min_child_weight': 5}. Best is trial 16 with value: 37.81245845182344.
[I 2025-01-31 20:23:44,802] Trial 24 finished with value: 42.12790654003416 and parameters: {'n_estimators': 318, 'max_depth': 8, 'learning_rate': 0.2064625939002808, 'reg_alpha': 8.950540809993872e-05, 'reg_lambda': 0.0021681716487110085, 'subsample': 0.9151353331945912, 'colsample_bytree': 0.8415558932249128, 'gamma': 2.309634563290661, 'min_child_weight': 9}. Best is trial 16 with value: 37.81245845182344.
[I 2025-01-31 20:23:50,493] Trial 25 finished with value: 44.46311826632755 and parameters: {'n_estimators': 251, 'max_depth': 5, 'learning_rate': 0.09260921305711922, 'reg_alpha': 1.8847942017598568e-05, 'reg_lambda': 0.041558864298287305, 'subsample': 0.7807708633957491, 'colsample_bytree': 0.8973187360388172, 'gamma': 2.648650430227191, 'min_child_weight': 6}. Best is trial 16 with value: 37.81245845182344.
[I 2025-01-31 20:23:57,267] Trial 26 finished with value: 43.67802093470738 and parameters: {'n_estimators': 387, 'max_depth': 12, 'learning_rate': 0.29064053906439197, 'reg_alpha': 0.015229858044200049, 'reg_lambda': 0.0014218136896561305, 'subsample': 0.9681581991253972, 'colsample_bytree': 0.9564724500531308, 'gamma': 1.6027952716429044, 'min_child_weight': 7}. Best is trial 16 with value: 37.81245845182344.
[I 2025-01-31 20:24:02,655] Trial 27 finished with value: 42.746458969715185 and parameters: {'n_estimators': 179, 'max_depth': 7, 'learning_rate': 0.16236151924216974, 'reg_alpha': 0.00033443876300805534, 'reg_lambda': 0.0056971871397166205, 'subsample': 0.8348438006395016, 'colsample_bytree': 0.8833605261873437, 'gamma': 0.00894275483319995, 'min_child_weight': 8}. Best is trial 16 with value: 37.81245845182344.
[I 2025-01-31 20:24:09,744] Trial 28 finished with value: 38.46441333042274 and parameters: {'n_estimators': 436, 'max_depth': 10, 'learning_rate': 0.21984855335569248, 'reg_alpha': 6.910553399498036e-05, 'reg_lambda': 0.025417917581682478, 'subsample': 0.8976812827862778, 'colsample_bytree': 0.827956249122587, 'gamma': 1.9341615488587853, 'min_child_weight': 5}. Best is trial 16 with value: 37.81245845182344.
[I 2025-01-31 20:24:16,185] Trial 29 finished with value: 38.23163104841298 and parameters: {'n_estimators': 345, 'max_depth': 6, 'learning_rate': 0.07668118178504267, 'reg_alpha': 0.002065200321690758, 'reg_lambda': 0.12775990037578475, 'subsample': 0.9710329418819715, 'colsample_bytree': 0.6783343292776243, 'gamma': 0.30293310882022606, 'min_child_weight': 8}. Best is trial 16 with value: 37.81245845182344.
[I 2025-01-31 20:24:22,612] Trial 30 finished with value: 40.27323239162574 and parameters: {'n_estimators': 355, 'max_depth': 17, 'learning_rate': 0.11246995512098078, 'reg_alpha': 0.006243450486649541, 'reg_lambda': 0.0066484454035553074, 'subsample': 0.9211259363879275, 'colsample_bytree': 0.9398572916195492, 'gamma': 3.1043213101063984, 'min_child_weight': 9}. Best is trial 16 with value: 37.81245845182344.
[I 2025-01-31 20:24:28,885] Trial 31 finished with value: 45.67220142166132 and parameters: {'n_estimators': 336, 'max_depth': 5, 'learning_rate': 0.0840340359301631, 'reg_alpha': 0.0018446388101048363, 'reg_lambda': 0.11114723113483467, 'subsample': 0.9986236196256261, 'colsample_bytree': 0.6524958595991495, 'gamma': 0.251584054835101, 'min_child_weight': 8}. Best is trial 16 with value: 37.81245845182344.
[I 2025-01-31 20:24:35,386] Trial 32 finished with value: 43.43038908368532 and parameters: {'n_estimators': 347, 'max_depth': 6, 'learning_rate': 0.06821628222402797, 'reg_alpha': 0.002603390283969436, 'reg_lambda': 0.18656268144352714, 'subsample': 0.9683850421243524, 'colsample_bytree': 0.7218190657523055, 'gamma': 0.5182335327267722, 'min_child_weight': 7}. Best is trial 16 with value: 37.81245845182344.
[I 2025-01-31 20:24:41,525] Trial 33 finished with value: 41.88264079034242 and parameters: {'n_estimators': 310, 'max_depth': 4, 'learning_rate': 0.04471143550384632, 'reg_alpha': 1.0046455443448856e-05, 'reg_lambda': 2.2872969088065177e-05, 'subsample': 0.9501409702072674, 'colsample_bytree': 0.671819477769312, 'gamma': 0.8979576797010836, 'min_child_weight': 10}. Best is trial 16 with value: 37.81245845182344.
[I 2025-01-31 20:24:47,212] Trial 34 finished with value: 45.435617849272624 and parameters: {'n_estimators': 240, 'max_depth': 7, 'learning_rate': 0.14974045582425674, 'reg_alpha': 0.00048159962766561624, 'reg_lambda': 7.063340078910146e-05, 'subsample': 0.8718539977622946, 'colsample_bytree': 0.9727654814971326, 'gamma': 0.022960972418251124, 'min_child_weight': 8}. Best is trial 16 with value: 37.81245845182344.
[I 2025-01-31 20:24:53,303] Trial 35 finished with value: 48.53558079483495 and parameters: {'n_estimators': 300, 'max_depth': 8, 'learning_rate': 0.07663714546238998, 'reg_alpha': 2.290943598318016e-05, 'reg_lambda': 0.38760566999048207, 'subsample': 0.8154405861091086, 'colsample_bytree': 0.788021344707029, 'gamma': 0.36887542829539294, 'min_child_weight': 6}. Best is trial 16 with value: 37.81245845182344.
[I 2025-01-31 20:25:00,105] Trial 36 finished with value: 40.04107938387831 and parameters: {'n_estimators': 396, 'max_depth': 4, 'learning_rate': 0.10382833130855945, 'reg_alpha': 0.0011495533139289288, 'reg_lambda': 0.0006261333188492032, 'subsample': 0.8314327874779704, 'colsample_bytree': 0.7147362589780335, 'gamma': 3.8790331106693996, 'min_child_weight': 3}. Best is trial 16 with value: 37.81245845182344.
[I 2025-01-31 20:25:06,776] Trial 37 finished with value: 43.208022204738285 and parameters: {'n_estimators': 373, 'max_depth': 9, 'learning_rate': 0.12889474504436646, 'reg_alpha': 0.01584286879264453, 'reg_lambda': 0.08858159873207527, 'subsample': 0.8966650026632416, 'colsample_bytree': 0.9260880712178409, 'gamma': 2.449788753789036, 'min_child_weight': 9}. Best is trial 16 with value: 37.81245845182344.
[I 2025-01-31 20:25:13,885] Trial 38 finished with value: 41.46444574070031 and parameters: {'n_estimators': 431, 'max_depth': 7, 'learning_rate': 0.0503575982322725, 'reg_alpha': 0.00010795447348380409, 'reg_lambda': 0.863397256938555, 'subsample': 0.7884336400363029, 'colsample_bytree': 0.6808564687988865, 'gamma': 1.294085890978022, 'min_child_weight': 7}. Best is trial 16 with value: 37.81245845182344.
[I 2025-01-31 20:25:19,925] Trial 39 finished with value: 44.36639002238907 and parameters: {'n_estimators': 288, 'max_depth': 12, 'learning_rate': 0.03624735143450058, 'reg_alpha': 0.00022199410191349068, 'reg_lambda': 0.00020642376195356384, 'subsample': 0.7450011789997185, 'colsample_bytree': 0.7826250686289565, 'gamma': 0.750271953689734, 'min_child_weight': 10}. Best is trial 16 with value: 37.81245845182344.
[I 2025-01-31 20:25:25,692] Trial 40 finished with value: 40.90302655940626 and parameters: {'n_estimators': 271, 'max_depth': 10, 'learning_rate': 0.1739500191911839, 'reg_alpha': 0.00391457368110424, 'reg_lambda': 0.0014922373734548317, 'subsample': 0.9337538181459888, 'colsample_bytree': 0.7418813098461693, 'gamma': 1.0558008611110203, 'min_child_weight': 4}. Best is trial 16 with value: 37.81245845182344.
[I 2025-01-31 20:25:30,802] Trial 41 finished with value: 44.40549828358238 and parameters: {'n_estimators': 133, 'max_depth': 11, 'learning_rate': 0.01182352605932398, 'reg_alpha': 0.2073228789069723, 'reg_lambda': 0.03540878246070528, 'subsample': 0.8004965917032112, 'colsample_bytree': 0.6078108197822647, 'gamma': 4.98005572011531, 'min_child_weight': 1}. Best is trial 16 with value: 37.81245845182344.
[I 2025-01-31 20:25:35,514] Trial 42 finished with value: 40.06458046878729 and parameters: {'n_estimators': 104, 'max_depth': 13, 'learning_rate': 0.016992094140688085, 'reg_alpha': 0.04173479683143829, 'reg_lambda': 0.09188740204809541, 'subsample': 0.8044802007430033, 'colsample_bytree': 0.633108580925858, 'gamma': 4.767235604404105, 'min_child_weight': 3}. Best is trial 16 with value: 37.81245845182344.
[I 2025-01-31 20:25:40,846] Trial 43 finished with value: 48.160550743028914 and parameters: {'n_estimators': 183, 'max_depth': 3, 'learning_rate': 0.02210031780562828, 'reg_alpha': 0.17406999147089694, 'reg_lambda': 0.009121316393445605, 'subsample': 0.8405183100196971, 'colsample_bytree': 0.6352390654926657, 'gamma': 3.754167142226816, 'min_child_weight': 2}. Best is trial 16 with value: 37.81245845182344.
[I 2025-01-31 20:25:46,127] Trial 44 finished with value: 40.4741551165461 and parameters: {'n_estimators': 155, 'max_depth': 6, 'learning_rate': 0.011190944894809035, 'reg_alpha': 0.08145461972630458, 'reg_lambda': 0.018567080008479786, 'subsample': 0.7011688172523013, 'colsample_bytree': 0.6817405889219348, 'gamma': 3.007913293534259, 'min_child_weight': 6}. Best is trial 16 with value: 37.81245845182344.
[I 2025-01-31 20:25:52,621] Trial 45 finished with value: 44.43671025533776 and parameters: {'n_estimators': 370, 'max_depth': 11, 'learning_rate': 0.2508460967034052, 'reg_alpha': 0.008660500635169576, 'reg_lambda': 0.0034312538611146718, 'subsample': 0.8598606398735362, 'colsample_bytree': 0.6011343664353274, 'gamma': 4.515687159406545, 'min_child_weight': 5}. Best is trial 16 with value: 37.81245845182344.
[I 2025-01-31 20:25:59,470] Trial 46 finished with value: 51.4580263567489 and parameters: {'n_estimators': 359, 'max_depth': 14, 'learning_rate': 0.03972850700367235, 'reg_alpha': 0.0005713118489606851, 'reg_lambda': 0.2241415135894566, 'subsample': 0.7708857701596029, 'colsample_bytree': 0.8827984480200809, 'gamma': 0.3001755015838809, 'min_child_weight': 8}. Best is trial 16 with value: 37.81245845182344.
[I 2025-01-31 20:26:06,743] Trial 47 finished with value: 39.839734528255676 and parameters: {'n_estimators': 460, 'max_depth': 9, 'learning_rate': 0.2365576225112914, 'reg_alpha': 0.7957229635929972, 'reg_lambda': 0.04606001455939452, 'subsample': 0.8841834362385688, 'colsample_bytree': 0.9062427305262009, 'gamma': 1.5147035874997967, 'min_child_weight': 3}. Best is trial 16 with value: 37.81245845182344.
[I 2025-01-31 20:26:12,249] Trial 48 finished with value: 46.492599967895266 and parameters: {'n_estimators': 194, 'max_depth': 8, 'learning_rate': 0.028639753506011938, 'reg_alpha': 2.85177533440889e-05, 'reg_lambda': 0.38809544928621553, 'subsample': 0.8228043002942379, 'colsample_bytree': 0.9841192330081444, 'gamma': 3.6147103069866082, 'min_child_weight': 9}. Best is trial 16 with value: 37.81245845182344.
[I 2025-01-31 20:26:18,540] Trial 49 finished with value: 42.79347172293745 and parameters: {'n_estimators': 330, 'max_depth': 10, 'learning_rate': 0.18599896388949402, 'reg_alpha': 0.0020567391180536005, 'reg_lambda': 0.0008397526486552389, 'subsample': 0.9807333225223402, 'colsample_bytree': 0.8697028538923562, 'gamma': 4.226671881000696, 'min_child_weight': 7}. Best is trial 16 with value: 37.81245845182344.
SHAP summary plot saved to Figs/SHAPsum_GradientBoostingRegressor_False.png

Predict vs. Reality:
Initialized tuner for XGBRegressor. Running optimization...
Best parameters for XGBRegressor: {'n_estimators': 234, 'max_depth': 9, 'learning_rate': 0.20485891334887363, 'reg_alpha': 3.300348460786662e-05, 'reg_lambda': 0.0002046267310787393, 'subsample': 0.8340725439796275, 'colsample_bytree': 0.9289938770387536, 'gamma': 2.5788719641855016, 'min_child_weight': 9}
Best MAPE for XGBRegressor: 37.81245845182344
Results for XGBRegressor: R2 = 0.26703494787216187, MSE = 0.26233530044555664, MAE = 0.38625508546829224, MAPE = 23.875675840816342%

Bar Plot for Feature Importance:
Skipping visualization for XGBRegressor: property 'feature_names_in_' of 'XGBRegressor' object has no setter

Final Results:
                       Model Use Chain  R2 Score       MSE       MAE       MAPE
0                        SVR        No -0.493610  0.498500  0.495700  35.383992
1               MLPRegressor        No -1.425524  0.821621  0.616001  60.605501
2              BayesianRidge        No -2.240049  1.080741  0.685251  77.203104
3                 ElasticNet        No -0.151453  0.374922  0.422991  38.823841
4      RandomForestRegressor        No  0.166975  0.122921  0.262262  13.104112
5  GradientBoostingRegressor        No -2.513128  1.240289  0.851828  62.170177
6               XGBRegressor        No  0.267035  0.262335  0.386255  23.875676
Results saved.
